d 1 1
b 1
d 1 2
b 2
d 1 3
b 3
d 1 4
b 4
d 1 5
b 5
d 1 6
b 6
d 1 7
b 7
d 1 8
b 8
d 1 9
b 9
d 1 10
b 10
d 1 11
b 11
d 1 12
b 12
d 1 13
b 13
d 1 14
b 14
d 1 15
b 15
d 1 16
b 16
d 1 17
b 17
d 1 18
b 18
d 1 19
b 19
d 1 20
b 20
d 1 21
b 21
d 1 22
b 22
d 1 23
b 23
d 1 24
b 24
d 1 25
b 25
d 1 26
b 26
d 1 27
b 27
d 1 28
b 28
d 1 29
b 29
d 1 30
b 30
d 1 31
b 31
d 1 32
b 32
d 1 33
b 33
d 1 34
b 34
d 1 35
b 35
d 1 36
b 36
d 1 37
b 37
d 1 38
b 38
d 1 39
b 39
d 1 40
b 40
d 1 41
b 41
d 1 42
b 42
d 1 43
b 43
d 1 44
b 44
d 1 45
b 45
d 1 46
b 46
d 1 47
b 47
d 1 48
b 48
d 1 49
b 49
d 1 50
b 50
d 1 51
b 51
d 1 52
b 52
d 1 53
b 53
d 1 54
b 54
d 1 55
b 55
d 1 56
b 56
d 1 57
b 57
d 1 58
b 58
d 1 59
b 59
d 1 60
b 60
d 1 61
b 61
d 1 62
b 62
d 1 63
b 63
d 1 64
b 64
d 1 65
b 65
d 1 66
b 66
d 1 67
b 67
d 1 68
b 68
d 1 69
b 69
d 1 70
b 70
d 1 71
b 71
d 1 72
b 72
d 1 73
b 73
d 1 74
b 74
d 1 75
b 75
d 1 76
b 76
d 1 77
b 77
d 1 78
b 78
d 1 79
b 79
d 1 80
b 80
d 1 81
b 81
d 1 82
b 82
d 1 83
b 83
d 1 84
b 84
d 1 85
b 85
d 1 86
b 86
d 1 87
b 87
d 1 88
b 88
d 1 89
b 89
d 1 90
b 90
d 1 91
b 91
d 1 92
b 92
d 1 93
b 93
d 1 94
b 94
d 1 95
b 95
d 1 96
b 96
d 1 97
b 97
d 1 98
b 98
d 1 99
b 99
d 1 100
b 100
d 1 101
b 101
d 1 102
b 102
d 1 103
b 103
d 1 104
b 104
d 1 105
b 105
d 1 106
b 106
d 1 107
b 107
d 1 108
b 108
d 1 109
b 109
d 1 110
b 110
d 1 111
b 111
d 1 112
b 112
d 1 113
b 113
d 1 114
b 114
d 1 115
b 115
d 1 116
b 116
d 1 117
b 117
d 1 118
b 118
d 1 119
b 119
d 1 120
b 120
d 1 121
b 121
d 1 122
b 122
d 1 123
b 123
d 1 124
b 124
d 1 125
b 125
d 1 126
b 126
d 1 127
b 127
d 1 128
b 128
d 1 129
b 129
d 1 130
b 130
d 1 131
b 131
d 1 132
b 132
d 1 133
b 133
d 1 134
b 134
d 1 135
b 135
d 1 136
b 136
d 1 137
b 137
d 1 138
b 138
d 1 139
b 139
d 1 140
b 140
d 1 141
b 141
d 1 142
b 142
d 1 143
b 143
d 1 144
b 144
d 1 145
b 145
d 1 146
b 146
d 1 147
b 147
d 1 148
b 148
d 1 149
b 149
d 1 150
b 150
d 1 151
b 151
d 1 152
b 152
d 1 153
b 153
d 1 154
b 154
d 1 155
b 155
d 1 156
b 156
d 1 157
b 157
d 1 158
b 158
d 1 159
b 159
d 1 160
b 160
d 1 161
b 161
d 1 162
b 162
d 1 163
b 163
d 1 164
b 164
d 1 165
b 165
d 1 166
b 166
d 1 167
b 167
d 1 168
b 168
d 1 169
b 169
d 1 170
b 170
d 1 171
b 171
d 1 172
b 172
d 1 173
b 173
d 1 174
b 174
d 1 175
b 175
d 1 176
b 176
d 1 177
b 177
d 1 178
b 178
d 1 179
b 179
d 1 180
b 180
d 1 181
b 181
d 1 182
b 182
d 1 183
b 183
d 1 184
b 184
d 1 185
b 185
d 1 186
b 186
d 1 187
b 187
d 1 188
b 188
d 1 189
b 189
d 1 190
b 190
d 1 191
b 191
d 1 192
b 192
d 1 193
b 193
d 1 194
b 194
d 1 195
b 195
d 1 196
b 196
d 1 197
b 197
d 1 198
b 198
d 1 199
b 199
d 1 200
b 200
d 1 201
b 201
d 1 202
b 202
d 1 203
b 203
d 1 204
b 204
d 1 205
b 205
d 1 206
b 206
d 1 207
b 207
d 1 208
b 208
d 1 209
b 209
d 1 210
b 210
d 1 211
b 211
d 1 212
b 212
d 1 213
b 213
d 1 214
b 214
d 1 215
b 215
d 1 216
b 216
d 1 217
b 217
d 1 218
b 218
d 1 219
b 219
d 1 220
b 220
d 1 221
b 221
d 1 222
b 222
d 1 223
b 223
d 1 224
b 224
d 1 225
b 225
d 1 226
b 226
d 1 227
b 227
d 1 228
b 228
d 1 229
b 229
d 1 230
b 230
d 1 231
b 231
d 1 232
b 232
d 1 233
b 233
d 1 234
b 234
d 1 235
b 235
d 1 236
b 236
d 1 237
b 237
d 1 238
b 238
d 1 239
b 239
d 1 240
b 240
d 1 241
b 241
d 1 242
b 242
d 1 243
b 243
d 1 244
b 244
d 1 245
b 245
d 1 246
b 246
d 1 247
b 247
d 1 248
b 248
d 1 249
b 249
d 1 250
b 250
d 1 251
b 251
d 1 252
b 252
d 1 253
b 253
d 1 254
b 254
d 1 255
b 255
d 1 256
b 256
d 1 257
b 257
d 1 258
b 258
d 1 259
b 259
d 1 260
b 260
d 1 261
b 261
d 1 262
b 262
d 1 263
b 263
d 1 264
b 264
d 1 265
b 265
d 1 266
b 266
d 1 267
b 267
d 1 268
b 268
d 1 269
b 269
d 1 270
b 270
d 1 271
b 271
d 1 272
b 272
d 1 273
b 273
d 1 274
b 274
d 1 275
b 275
d 1 276
b 276
d 1 277
b 277
d 1 278
b 278
d 1 279
b 279
d 1 280
b 280
d 1 281
b 281
d 1 282
b 282
d 1 283
b 283
d 1 284
b 284
d 1 285
b 285
d 1 286
b 286
d 1 287
b 287
d 1 288
b 288
d 1 289
b 289
d 1 290
b 290
d 1 291
b 291
d 1 292
b 292
d 1 293
b 293
d 1 294
b 294
d 1 295
b 295
d 1 296
b 296
d 1 297
b 297
d 1 298
b 298
d 1 299
b 299
d 1 300
b 300
d 1 301
b 301
d 1 302
b 302
d 1 303
b 303
d 1 304
b 304
d 1 305
b 305
d 1 306
b 306
d 1 307
b 307
d 1 308
b 308
d 1 309
b 309
d 1 310
b 310
d 1 311
b 311
d 1 312
b 312
d 1 313
b 313
d 1 314
b 314
d 1 315
b 315
d 1 316
b 316
d 1 317
b 317
d 1 318
b 318
d 1 319
b 319
d 1 320
b 320
d 1 321
b 321
d 1 322
b 322
d 1 323
b 323
d 1 324
b 324
d 1 325
b 325
d 1 326
b 326
d 1 327
b 327
d 1 328
b 328
d 1 329
b 329
d 1 330
b 330
d 1 331
b 331
d 1 332
b 332
d 1 333
b 333
d 1 334
b 334
d 1 335
b 335
d 1 336
b 336
d 1 337
b 337
d 1 338
b 338
d 1 339
b 339
d 1 340
b 340
d 1 341
b 341
d 1 342
b 342
d 1 343
b 343
d 1 344
b 344
d 1 345
b 345
d 1 346
b 346
d 1 347
b 347
d 1 348
b 348
d 1 349
b 349
d 1 350
b 350
d 1 351
b 351
d 1 352
b 352
d 1 353
b 353
d 1 354
b 354
d 1 355
b 355
d 1 356
b 356
d 1 357
b 357
d 1 358
b 358
d 1 359
b 359
d 1 360
b 360
d 1 361
b 361
d 1 362
b 362
d 1 363
b 363
d 1 364
b 364
d 1 365
b 365
d 1 366
b 366
d 1 367
b 367
d 1 368
b 368
d 1 369
b 369
d 1 370
b 370
d 1 371
b 371
d 1 372
b 372
d 1 373
b 373
d 1 374
b 374
d 1 375
b 375
d 1 376
b 376
d 1 377
b 377
d 1 378
b 378
d 1 379
b 379
d 1 380
b 380
d 1 381
b 381
d 1 382
b 382
d 1 383
b 383
d 1 384
b 384
d 1 385
b 385
d 1 386
b 386
d 1 387
b 387
d 1 388
b 388
d 1 389
b 389
d 1 390
b 390
d 1 391
b 391
d 1 392
b 392
d 1 393
b 393
d 1 394
b 394
d 1 395
b 395
d 1 396
b 396
d 1 397
b 397
d 1 398
b 398
d 1 399
b 399
d 1 400
b 400
d 1 401
b 401
d 1 402
b 402
d 1 403
b 403
d 1 404
b 404
d 1 405
b 405
d 1 406
b 406
d 1 407
b 407
d 1 408
b 408
d 1 409
b 409
d 1 410
b 410
d 1 411
b 411
d 1 412
b 412
d 1 413
b 413
d 1 414
b 414
d 1 415
b 415
d 1 416
b 416
d 1 417
b 417
d 1 418
b 418
d 1 419
b 419
d 1 420
b 420
d 1 421
b 421
d 1 422
b 422
d 1 423
b 423
d 1 424
b 424
d 1 425
b 425
d 1 426
b 426
d 1 427
b 427
d 1 428
b 428
d 1 429
b 429
d 1 430
b 430
d 1 431
b 431
d 1 432
b 432
d 1 433
b 433
d 1 434
b 434
d 1 435
b 435
d 1 436
b 436
d 1 437
b 437
d 1 438
b 438
d 1 439
b 439
d 1 440
b 440
d 1 441
b 441
d 1 442
b 442
d 1 443
b 443
d 1 444
b 444
d 1 445
b 445
d 1 446
b 446
d 1 447
b 447
d 1 448
b 448
d 1 449
b 449
d 1 450
b 450
d 1 451
b 451
d 1 452
b 452
d 1 453
b 453
d 1 454
b 454
d 1 455
b 455
d 1 456
b 456
d 1 457
b 457
d 1 458
b 458
d 1 459
b 459
d 1 460
b 460
d 1 461
b 461
d 1 462
b 462
d 1 463
b 463
d 1 464
b 464
d 1 465
b 465
d 1 466
b 466
d 1 467
b 467
d 1 468
b 468
d 1 469
b 469
d 1 470
b 470
d 1 471
b 471
d 1 472
b 472
d 1 473
b 473
d 1 474
b 474
d 1 475
b 475
d 1 476
b 476
d 1 477
b 477
d 1 478
b 478
d 1 479
b 479
d 1 480
b 480
d 1 481
b 481
d 1 482
b 482
d 1 483
b 483
d 1 484
b 484
d 1 485
b 485
d 1 486
b 486
d 1 487
b 487
d 1 488
b 488
d 1 489
b 489
d 1 490
b 490
d 1 491
b 491
d 1 492
b 492
d 1 493
b 493
d 1 494
b 494
d 1 495
b 495
d 1 496
b 496
d 1 497
b 497
d 1 498
b 498
d 1 499
b 499
d 1 500
b 500
d 1 501
b 501
d 1 502
b 502
d 1 503
b 503
d 1 504
b 504
d 1 505
b 505
d 1 506
b 506
d 1 507
b 507
d 1 508
b 508
d 1 509
b 509
d 1 510
b 510
d 1 511
b 511
d 1 512
b 512
d 1 513
b 513
d 1 514
b 514
d 1 515
b 515
d 1 516
b 516
d 1 517
b 517
d 1 518
b 518
d 1 519
b 519
d 1 520
b 520
d 1 521
b 521
d 1 522
b 522
d 1 523
b 523
d 1 524
b 524
d 1 525
b 525
d 1 526
b 526
d 1 527
b 527
d 1 528
b 528
d 1 529
b 529
d 1 530
b 530
d 1 531
b 531
d 1 532
b 532
d 1 533
b 533
d 1 534
b 534
d 1 535
b 535
d 1 536
b 536
d 1 537
b 537
d 1 538
b 538
d 1 539
b 539
d 1 540
b 540
d 1 541
b 541
d 1 542
b 542
d 1 543
b 543
d 1 544
b 544
d 1 545
b 545
d 1 546
b 546
d 1 547
b 547
d 1 548
b 548
d 1 549
b 549
d 1 550
b 550
d 1 551
b 551
d 1 552
b 552
d 1 553
b 553
d 1 554
b 554
d 1 555
b 555
d 1 556
b 556
d 1 557
b 557
d 1 558
b 558
d 1 559
b 559
d 1 560
b 560
d 1 561
b 561
d 1 562
b 562
d 1 563
b 563
d 1 564
b 564
d 1 565
b 565
d 1 566
b 566
d 1 567
b 567
d 1 568
b 568
d 1 569
b 569
d 1 570
b 570
d 1 571
b 571
d 1 572
b 572
d 1 573
b 573
d 1 574
b 574
d 1 575
b 575
d 1 576
b 576
d 1 577
b 577
d 1 578
b 578
d 1 579
b 579
d 1 580
b 580
d 1 581
b 581
d 1 582
b 582
d 1 583
b 583
d 1 584
b 584
d 1 585
b 585
d 1 586
b 586
d 1 587
b 587
d 1 588
b 588
d 1 589
b 589
d 1 590
b 590
d 1 591
b 591
d 1 592
b 592
d 1 593
b 593
d 1 594
b 594
d 1 595
b 595
d 1 596
b 596
d 1 597
b 597
d 1 598
b 598
d 1 599
b 599
d 1 600
b 600
d 1 601
b 601
d 1 602
b 602
d 1 603
b 603
d 1 604
b 604
d 1 605
b 605
d 1 606
b 606
d 1 607
b 607
d 1 608
b 608
d 1 609
b 609
d 1 610
b 610
d 1 611
b 611
d 1 612
b 612
d 1 613
b 613
d 1 614
b 614
d 1 615
b 615
d 1 616
b 616
d 1 617
b 617
d 1 618
b 618
d 1 619
b 619
d 1 620
b 620
d 1 621
b 621
d 1 622
b 622
d 1 623
b 623
d 1 624
b 624
d 1 625
b 625
d 1 626
b 626
d 1 627
b 627
d 1 628
b 628
d 1 629
b 629
d 1 630
b 630
d 1 631
b 631
d 1 632
b 632
d 1 633
b 633
d 1 634
b 634
d 1 635
b 635
d 1 636
b 636
d 1 637
b 637
d 1 638
b 638
d 1 639
b 639
d 1 640
b 640
d 1 641
b 641
d 1 642
b 642
d 1 643
b 643
d 1 644
b 644
d 1 645
b 645
d 1 646
b 646
d 1 647
b 647
d 1 648
b 648
d 1 649
b 649
d 1 650
b 650
d 1 651
b 651
d 1 652
b 652
d 1 653
b 653
d 1 654
b 654
d 1 655
b 655
d 1 656
b 656
d 1 657
b 657
d 1 658
b 658
d 1 659
b 659
d 1 660
b 660
d 1 661
b 661
d 1 662
b 662
d 1 663
b 663
d 1 664
b 664
d 1 665
b 665
d 1 666
b 666
d 1 667
b 667
d 1 668
b 668
d 1 669
b 669
d 1 670
b 670
d 1 671
b 671
d 1 672
b 672
d 1 673
b 673
d 1 674
b 674
d 1 675
b 675
d 1 676
b 676
d 1 677
b 677
d 1 678
b 678
d 1 679
b 679
d 1 680
b 680
d 1 681
b 681
d 1 682
b 682
d 1 683
b 683
d 1 684
b 684
d 1 685
b 685
d 1 686
b 686
d 1 687
b 687
d 1 688
b 688
d 1 689
b 689
d 1 690
b 690
d 1 691
b 691
d 1 692
b 692
d 1 693
b 693
d 1 694
b 694
d 1 695
b 695
d 1 696
b 696
d 1 697
b 697
d 1 698
b 698
d 1 699
b 699
d 1 700
b 700
d 1 701
b 701
d 1 702
b 702
d 1 703
b 703
d 1 704
b 704
d 1 705
b 705
d 1 706
b 706
d 1 707
b 707
d 1 708
b 708
d 1 709
b 709
d 1 710
b 710
d 1 711
b 711
d 1 712
b 712
d 1 713
b 713
d 1 714
b 714
d 1 715
b 715
d 1 716
b 716
d 1 717
b 717
d 1 718
b 718
d 1 719
b 719
d 1 720
b 720
d 1 721
b 721
d 1 722
b 722
d 1 723
b 723
d 1 724
b 724
d 1 725
b 725
d 1 726
b 726
d 1 727
b 727
d 1 728
b 728
d 1 729
b 729
d 1 730
b 730
d 1 731
b 731
d 1 732
b 732
d 1 733
b 733
d 1 734
b 734
d 1 735
b 735
d 1 736
b 736
d 1 737
b 737
d 1 738
b 738
d 1 739
b 739
d 1 740
b 740
d 1 741
b 741
d 1 742
b 742
d 1 743
b 743
d 1 744
b 744
d 1 745
b 745
d 1 746
b 746
d 1 747
b 747
d 1 748
b 748
d 1 749
b 749
d 1 750
b 750
d 1 751
b 751
d 1 752
b 752
d 1 753
b 753
d 1 754
b 754
d 1 755
b 755
d 1 756
b 756
d 1 757
b 757
d 1 758
b 758
d 1 759
b 759
d 1 760
b 760
d 1 761
b 761
d 1 762
b 762
d 1 763
b 763
d 1 764
b 764
d 1 765
b 765
d 1 766
b 766
d 1 767
b 767
d 1 768
b 768
d 1 769
b 769
d 1 770
b 770
d 1 771
b 771
d 1 772
b 772
d 1 773
b 773
d 1 774
b 774
d 1 775
b 775
d 1 776
b 776
d 1 777
b 777
d 1 778
b 778
d 1 779
b 779
d 1 780
b 780
d 1 781
b 781
d 1 782
b 782
d 1 783
b 783
d 1 784
b 784
d 1 785
b 785
d 1 786
b 786
d 1 787
b 787
d 1 788
b 788
d 1 789
b 789
d 1 790
b 790
d 1 791
b 791
d 1 792
b 792
d 1 793
b 793
d 1 794
b 794
d 1 795
b 795
d 1 796
b 796
d 1 797
b 797
d 1 798
b 798
d 1 799
b 799
d 1 800
b 800
d 1 801
b 801
d 1 802
b 802
d 1 803
b 803
d 1 804
b 804
d 1 805
b 805
d 1 806
b 806
d 1 807
b 807
d 1 808
b 808
d 1 809
b 809
d 1 810
b 810
d 1 811
b 811
d 1 812
b 812
d 1 813
b 813
d 1 814
b 814
d 1 815
b 815
d 1 816
b 816
d 1 817
b 817
d 1 818
b 818
d 1 819
b 819
d 1 820
b 820
d 1 821
b 821
d 1 822
b 822
d 1 823
b 823
d 1 824
b 824
d 1 825
b 825
d 1 826
b 826
d 1 827
b 827
d 1 828
b 828
d 1 829
b 829
d 1 830
b 830
d 1 831
b 831
d 1 832
b 832
d 1 833
b 833
d 1 834
b 834
d 1 835
b 835
d 1 836
b 836
d 1 837
b 837
d 1 838
b 838
d 1 839
b 839
d 1 840
b 840
d 1 841
b 841
d 1 842
b 842
d 1 843
b 843
d 1 844
b 844
d 1 845
b 845
d 1 846
b 846
d 1 847
b 847
d 1 848
b 848
d 1 849
b 849
d 1 850
b 850
d 1 851
b 851
d 1 852
b 852
d 1 853
b 853
d 1 854
b 854
d 1 855
b 855
d 1 856
b 856
d 1 857
b 857
d 1 858
b 858
d 1 859
b 859
d 1 860
b 860
d 1 861
b 861
d 1 862
b 862
d 1 863
b 863
d 1 864
b 864
d 1 865
b 865
d 1 866
b 866
d 1 867
b 867
d 1 868
b 868
d 1 869
b 869
d 1 870
b 870
d 1 871
b 871
d 1 872
b 872
d 1 873
b 873
d 1 874
b 874
d 1 875
b 875
d 1 876
b 876
d 1 877
b 877
d 1 878
b 878
d 1 879
b 879
d 1 880
b 880
d 1 881
b 881
d 1 882
b 882
d 1 883
b 883
d 1 884
b 884
d 1 885
b 885
d 1 886
b 886
d 1 887
b 887
d 1 888
b 888
d 1 889
b 889
d 1 890
b 890
d 1 891
b 891
d 1 892
b 892
d 1 893
b 893
d 1 894
b 894
d 1 895
b 895
d 1 896
b 896
d 1 897
b 897
d 1 898
b 898
d 1 899
b 899
d 1 900
b 900
d 1 901
b 901
d 1 902
b 902
d 1 903
b 903
d 1 904
b 904
d 1 905
b 905
d 1 906
b 906
d 1 907
b 907
d 1 908
b 908
d 1 909
b 909
d 1 910
b 910
d 1 911
b 911
d 1 912
b 912
d 1 913
b 913
d 1 914
b 914
d 1 915
b 915
d 1 916
b 916
d 1 917
b 917
d 1 918
b 918
d 1 919
b 919
d 1 920
b 920
d 1 921
b 921
d 1 922
b 922
d 1 923
b 923
d 1 924
b 924
d 1 925
b 925
d 1 926
b 926
d 1 927
b 927
d 1 928
b 928
d 1 929
b 929
d 1 930
b 930
d 1 931
b 931
d 1 932
b 932
d 1 933
b 933
d 1 934
b 934
d 1 935
b 935
d 1 936
b 936
d 1 937
b 937
d 1 938
b 938
d 1 939
b 939
d 1 940
b 940
d 1 941
b 941
d 1 942
b 942
d 1 943
b 943
d 1 944
b 944
d 1 945
b 945
d 1 946
b 946
d 1 947
b 947
d 1 948
b 948
d 1 949
b 949
d 1 950
b 950
d 1 951
b 951
d 1 952
b 952
d 1 953
b 953
d 1 954
b 954
d 1 955
b 955
d 1 956
b 956
d 1 957
b 957
d 1 958
b 958
d 1 959
b 959
d 1 960
b 960
d 1 961
b 961
d 1 962
b 962
d 1 963
b 963
d 1 964
b 964
d 1 965
b 965
d 1 966
b 966
d 1 967
b 967
d 1 968
b 968
d 1 969
b 969
d 1 970
b 970
d 1 971
b 971
d 1 972
b 972
d 1 973
b 973
d 1 974
b 974
d 1 975
b 975
d 1 976
b 976
d 1 977
b 977
d 1 978
b 978
d 1 979
b 979
d 1 980
b 980
d 1 981
b 981
d 1 982
b 982
d 1 983
b 983
d 1 984
b 984
d 1 985
b 985
d 1 986
b 986
d 1 987
b 987
d 1 988
b 988
d 1 989
b 989
d 1 990
b 990
d 1 991
b 991
d 1 992
b 992
d 1 993
b 993
d 1 994
b 994
d 1 995
b 995
d 1 996
b 996
d 1 997
b 997
d 1 998
b 998
d 1 999
b 999
d 1 1000
b 1000
d 3 1
d 3 2
d 4 1
d 4 2
