d 1 1
d 2 1
b 1
d 2 2
b 2
d 2 3
b 3
d 2 4
b 4
d 2 5
b 5
d 2 6
b 6
d 2 7
b 7
d 2 8
b 8
d 2 9
b 9
d 1 2
d 2 10
b 10
d 2 11
b 11
d 2 12
b 12
d 2 13
b 13
d 2 14
b 14
d 2 15
b 15
d 2 16
b 16
d 2 17
b 17
d 2 18
b 18
d 2 19
b 19
d 2 20
b 20
d 2 21
b 21
d 2 22
b 22
d 2 23
b 23
d 2 24
b 24
d 2 25
b 25
d 2 26
b 26
d 2 27
b 27
d 2 28
b 28
d 2 29
b 29
d 2 30
b 30
d 2 31
b 31
d 2 32
b 32
d 2 33
b 33
d 2 34
d 1 3
d 1 4
b 34
d 2 35
b 35
d 2 36
b 36
d 2 37
b 37
d 2 38
b 38
d 2 39
b 39
d 2 40
b 40
d 2 41
b 41
d 2 42
b 42
d 2 43
b 43
d 2 44
b 44
d 2 45
b 45
d 2 46
b 46
d 2 47
b 47
d 2 48
b 48
d 2 49
b 49
d 2 50
b 50
d 2 51
b 51
d 2 52
b 52
d 2 53
b 53
d 2 54
b 54
d 2 55
b 55
d 2 56
b 56
d 2 57
b 57
d 2 58
b 58
d 2 59
b 59
d 2 60
b 60
d 2 61
b 61
d 2 62
b 62
d 2 63
b 63
d 2 64
b 64
d 2 65
b 65
d 2 66
b 66
d 2 67
b 67
d 2 68
b 68
d 2 69
b 69
d 2 70
b 70
d 2 71
b 71
d 2 72
b 72
d 2 73
b 73
d 2 74
b 74
d 2 75
b 75
d 2 76
b 76
d 2 77
b 77
d 2 78
b 78
d 2 79
b 79
d 2 80
b 80
d 2 81
b 81
d 2 82
b 82
d 2 83
b 83
d 2 84
b 84
d 2 85
b 85
d 2 86
b 86
d 2 87
b 87
d 2 88
b 88
d 2 89
b 89
d 2 90
b 90
d 2 91
b 91
d 2 92
b 92
d 2 93
b 93
d 2 94
b 94
d 2 95
b 95
d 2 96
b 96
d 2 97
b 97
d 2 98
b 98
d 2 99
b 99
d 2 100
b 100
d 2 101
b 101
d 2 102
b 102
d 2 103
b 103
d 2 104
b 104
d 2 105
b 105
d 2 106
b 106
d 2 107
b 107
d 2 108
b 108
d 2 109
b 109
d 2 110
b 110
d 2 111
b 111
d 2 112
b 112
d 2 113
b 113
d 2 114
b 114
d 2 115
b 115
d 2 116
b 116
d 2 117
b 117
d 2 118
b 118
d 2 119
b 119
d 2 120
b 120
d 2 121
b 121
d 2 122
b 122
d 2 123
b 123
d 2 124
b 124
d 2 125
b 125
d 2 126
b 126
d 2 127
b 127
d 2 128
b 128
d 2 129
b 129
d 2 130
b 130
d 2 131
b 131
d 2 132
b 132
d 2 133
b 133
d 2 134
b 134
d 2 135
b 135
d 2 136
b 136
d 2 137
b 137
d 2 138
b 138
d 2 139
b 139
d 2 140
b 140
d 2 141
b 141
d 2 142
b 142
d 2 143
b 143
d 2 144
b 144
d 2 145
b 145
d 2 146
b 146
d 2 147
b 147
d 2 148
b 148
d 2 149
b 149
d 2 150
b 150
d 2 151
b 151
d 2 152
b 152
d 2 153
b 153
d 2 154
b 154
d 2 155
b 155
d 2 156
b 156
d 2 157
b 157
d 2 158
b 158
d 2 159
b 159
d 2 160
b 160
d 2 161
b 161
d 2 162
b 162
d 2 163
b 163
d 2 164
b 164
d 2 165
b 165
d 2 166
b 166
d 2 167
b 167
d 2 168
b 168
d 2 169
b 169
d 2 170
b 170
d 2 171
b 171
d 2 172
b 172
d 2 173
b 173
d 2 174
b 174
d 2 175
b 175
d 2 176
b 176
d 2 177
b 177
d 2 178
b 178
d 2 179
b 179
d 2 180
b 180
d 2 181
b 181
d 2 182
b 182
d 2 183
b 183
d 2 184
b 184
d 2 185
b 185
d 2 186
b 186
d 2 187
b 187
d 2 188
b 188
d 2 189
b 189
d 2 190
b 190
d 2 191
b 191
d 2 192
b 192
d 2 193
b 193
d 2 194
b 194
d 2 195
b 195
d 2 196
b 196
d 2 197
b 197
d 2 198
b 198
d 2 199
b 199
d 2 200
b 200
d 2 201
b 201
d 2 202
b 202
d 2 203
b 203
d 2 204
b 204
d 2 205
b 205
d 2 206
b 206
d 2 207
b 207
d 2 208
b 208
d 2 209
b 209
d 2 210
b 210
d 2 211
b 211
d 2 212
b 212
d 2 213
b 213
d 2 214
b 214
d 2 215
b 215
d 2 216
b 216
d 2 217
b 217
d 2 218
b 218
d 2 219
b 219
d 2 220
b 220
d 2 221
b 221
d 2 222
b 222
d 2 223
b 223
d 2 224
b 224
d 2 225
b 225
d 2 226
b 226
d 2 227
b 227
d 2 228
b 228
d 2 229
b 229
d 2 230
b 230
d 2 231
b 231
d 2 232
b 232
d 2 233
b 233
d 2 234
b 234
d 2 235
b 235
d 2 236
b 236
d 2 237
b 237
d 2 238
b 238
d 2 239
b 239
d 2 240
b 240
d 2 241
b 241
d 2 242
b 242
d 2 243
b 243
d 2 244
b 244
d 2 245
b 245
d 2 246
b 246
d 2 247
b 247
d 2 248
b 248
d 2 249
b 249
d 2 250
b 250
d 2 251
b 251
d 2 252
b 252
d 2 253
b 253
d 2 254
b 254
d 2 255
b 255
d 2 256
b 256
d 2 257
b 257
d 2 258
b 258
d 2 259
b 259
d 2 260
b 260
d 2 261
b 261
d 2 262
b 262
d 2 263
b 263
d 2 264
b 264
d 2 265
b 265
d 2 266
b 266
d 2 267
b 267
d 2 268
b 268
d 2 269
b 269
d 2 270
b 270
d 2 271
b 271
d 2 272
b 272
d 2 273
b 273
d 2 274
b 274
d 2 275
b 275
d 2 276
b 276
d 2 277
b 277
d 2 278
b 278
d 2 279
b 279
d 2 280
b 280
d 2 281
b 281
d 2 282
b 282
d 2 283
b 283
d 2 284
b 284
d 2 285
b 285
d 2 286
b 286
d 2 287
b 287
d 2 288
b 288
d 2 289
b 289
d 2 290
b 290
d 2 291
b 291
d 2 292
b 292
d 2 293
b 293
d 2 294
b 294
d 2 295
b 295
d 2 296
b 296
d 2 297
b 297
d 2 298
b 298
d 2 299
b 299
d 2 300
b 300
d 2 301
b 301
d 2 302
b 302
d 2 303
b 303
d 2 304
b 304
d 2 305
b 305
d 2 306
b 306
d 2 307
b 307
d 2 308
b 308
d 2 309
b 309
d 2 310
b 310
d 2 311
b 311
d 2 312
b 312
d 2 313
b 313
d 2 314
b 314
d 2 315
b 315
d 2 316
b 316
d 2 317
b 317
d 2 318
b 318
d 2 319
b 319
d 2 320
b 320
d 2 321
b 321
d 2 322
b 322
d 2 323
b 323
d 2 324
b 324
d 2 325
b 325
d 2 326
b 326
d 2 327
b 327
d 2 328
b 328
d 2 329
b 329
d 2 330
b 330
d 2 331
b 331
d 2 332
b 332
d 2 333
b 333
d 2 334
b 334
d 2 335
b 335
d 2 336
b 336
d 2 337
b 337
d 2 338
b 338
d 2 339
b 339
d 2 340
b 340
d 2 341
b 341
d 2 342
b 342
d 2 343
b 343
d 2 344
b 344
d 2 345
b 345
d 2 346
b 346
d 2 347
b 347
d 2 348
b 348
d 2 349
b 349
d 2 350
b 350
d 2 351
b 351
d 2 352
b 352
d 2 353
b 353
d 2 354
b 354
d 2 355
b 355
d 2 356
b 356
d 2 357
b 357
d 2 358
b 358
d 2 359
b 359
d 2 360
b 360
d 2 361
b 361
d 2 362
b 362
d 2 363
b 363
d 2 364
b 364
d 2 365
b 365
d 2 366
b 366
d 2 367
b 367
d 2 368
b 368
d 2 369
b 369
d 2 370
b 370
d 2 371
b 371
d 2 372
b 372
d 2 373
b 373
d 2 374
b 374
d 2 375
b 375
d 2 376
b 376
d 2 377
b 377
d 2 378
b 378
d 2 379
b 379
d 2 380
b 380
d 2 381
b 381
d 2 382
b 382
d 2 383
b 383
d 2 384
b 384
d 2 385
b 385
d 2 386
b 386
d 2 387
b 387
d 2 388
b 388
d 2 389
b 389
d 2 390
b 390
d 2 391
b 391
d 2 392
b 392
d 2 393
b 393
d 2 394
b 394
d 2 395
b 395
d 2 396
b 396
d 2 397
b 397
d 2 398
b 398
d 2 399
b 399
d 2 400
b 400
d 2 401
b 401
d 2 402
b 402
d 2 403
b 403
d 2 404
b 404
d 2 405
b 405
d 2 406
b 406
d 2 407
b 407
d 2 408
b 408
d 2 409
b 409
d 2 410
b 410
d 2 411
b 411
d 2 412
b 412
d 2 413
b 413
d 2 414
b 414
d 2 415
b 415
d 2 416
b 416
d 2 417
b 417
d 2 418
b 418
d 2 419
b 419
d 2 420
b 420
d 2 421
b 421
d 2 422
b 422
d 2 423
b 423
d 2 424
b 424
d 2 425
b 425
d 2 426
b 426
d 2 427
b 427
d 2 428
b 428
d 2 429
b 429
d 2 430
b 430
d 2 431
b 431
d 2 432
b 432
d 2 433
b 433
d 2 434
b 434
d 2 435
b 435
d 2 436
b 436
d 2 437
b 437
d 2 438
b 438
d 2 439
b 439
d 2 440
b 440
d 2 441
b 441
d 2 442
b 442
d 2 443
b 443
d 2 444
b 444
d 2 445
b 445
d 2 446
b 446
d 2 447
b 447
d 2 448
b 448
d 2 449
b 449
d 2 450
b 450
d 2 451
b 451
d 2 452
b 452
d 2 453
b 453
d 2 454
b 454
d 2 455
b 455
d 2 456
b 456
d 2 457
b 457
d 2 458
b 458
d 2 459
b 459
d 2 460
b 460
d 2 461
b 461
d 2 462
b 462
d 2 463
b 463
d 2 464
b 464
d 2 465
b 465
d 2 466
b 466
d 2 467
b 467
d 2 468
b 468
d 2 469
b 469
d 2 470
b 470
d 2 471
b 471
d 2 472
b 472
d 2 473
b 473
d 2 474
b 474
d 2 475
b 475
d 2 476
b 476
d 2 477
b 477
d 2 478
b 478
d 2 479
b 479
d 2 480
b 480
d 2 481
b 481
d 2 482
b 482
d 2 483
b 483
d 2 484
b 484
d 2 485
b 485
d 2 486
b 486
d 2 487
b 487
d 2 488
b 488
d 2 489
b 489
d 2 490
b 490
d 2 491
b 491
d 2 492
b 492
d 2 493
b 493
d 2 494
b 494
d 2 495
b 495
d 2 496
b 496
d 2 497
b 497
d 2 498
b 498
d 2 499
b 499
d 2 500
b 500
d 2 501
b 501
d 2 502
b 502
d 2 503
b 503
d 2 504
b 504
d 2 505
b 505
d 2 506
b 506
d 2 507
b 507
d 2 508
b 508
d 2 509
b 509
d 2 510
b 510
d 2 511
b 511
d 2 512
b 512
d 2 513
b 513
d 2 514
b 514
d 2 515
b 515
d 2 516
b 516
d 2 517
b 517
d 2 518
b 518
d 2 519
b 519
d 2 520
b 520
d 2 521
b 521
d 2 522
b 522
d 2 523
b 523
d 2 524
b 524
d 2 525
b 525
d 2 526
b 526
d 2 527
b 527
d 2 528
b 528
d 2 529
b 529
d 2 530
b 530
d 2 531
b 531
d 2 532
b 532
d 2 533
b 533
d 2 534
b 534
d 2 535
b 535
d 2 536
b 536
d 2 537
b 537
d 2 538
b 538
d 2 539
b 539
d 2 540
b 540
d 2 541
b 541
d 2 542
b 542
d 2 543
b 543
d 2 544
b 544
d 2 545
b 545
d 2 546
b 546
d 2 547
b 547
d 2 548
b 548
d 2 549
b 549
d 2 550
b 550
d 2 551
b 551
d 2 552
b 552
d 2 553
b 553
d 2 554
b 554
d 2 555
b 555
d 2 556
b 556
d 2 557
b 557
d 2 558
b 558
d 2 559
b 559
d 2 560
b 560
d 2 561
b 561
d 2 562
b 562
d 2 563
b 563
d 2 564
b 564
d 2 565
b 565
d 2 566
b 566
d 2 567
b 567
d 2 568
b 568
d 2 569
b 569
d 2 570
b 570
d 2 571
b 571
d 2 572
b 572
d 2 573
b 573
d 2 574
b 574
d 2 575
b 575
d 2 576
b 576
d 2 577
b 577
d 2 578
b 578
d 2 579
b 579
d 2 580
b 580
d 2 581
b 581
d 2 582
b 582
d 2 583
b 583
d 2 584
b 584
d 2 585
b 585
d 2 586
b 586
d 2 587
b 587
d 2 588
b 588
d 2 589
b 589
d 2 590
b 590
d 2 591
b 591
d 2 592
b 592
d 2 593
b 593
d 2 594
b 594
d 2 595
b 595
d 2 596
b 596
d 2 597
b 597
d 2 598
b 598
d 2 599
b 599
d 2 600
b 600
d 2 601
b 601
d 2 602
b 602
d 2 603
b 603
d 2 604
b 604
d 2 605
b 605
d 2 606
b 606
d 2 607
b 607
d 2 608
b 608
d 2 609
b 609
d 2 610
b 610
d 2 611
b 611
d 2 612
b 612
d 2 613
b 613
d 2 614
b 614
d 2 615
b 615
d 2 616
b 616
d 2 617
b 617
d 2 618
b 618
d 2 619
b 619
d 2 620
b 620
d 2 621
b 621
d 2 622
b 622
d 2 623
b 623
d 2 624
b 624
d 2 625
b 625
d 2 626
b 626
d 2 627
b 627
d 2 628
b 628
d 2 629
b 629
d 2 630
b 630
d 2 631
b 631
d 2 632
b 632
d 2 633
b 633
d 2 634
b 634
d 2 635
b 635
d 2 636
b 636
d 2 637
b 637
d 2 638
b 638
d 2 639
b 639
d 2 640
b 640
d 2 641
b 641
d 2 642
b 642
d 2 643
b 643
d 2 644
b 644
d 2 645
b 645
d 2 646
b 646
d 2 647
b 647
d 2 648
b 648
d 2 649
b 649
d 2 650
b 650
d 2 651
b 651
d 2 652
b 652
d 2 653
b 653
d 2 654
b 654
d 2 655
b 655
d 2 656
b 656
d 2 657
b 657
d 2 658
b 658
d 2 659
b 659
d 2 660
b 660
d 2 661
b 661
d 2 662
b 662
d 2 663
b 663
d 2 664
b 664
d 2 665
b 665
d 2 666
b 666
d 2 667
b 667
d 2 668
b 668
d 2 669
b 669
d 2 670
b 670
d 2 671
b 671
d 2 672
b 672
d 2 673
b 673
d 2 674
b 674
d 2 675
b 675
d 2 676
b 676
d 2 677
b 677
d 2 678
b 678
d 2 679
b 679
d 2 680
b 680
d 2 681
b 681
d 2 682
b 682
d 2 683
b 683
d 2 684
b 684
d 2 685
b 685
d 2 686
b 686
d 2 687
b 687
d 2 688
b 688
d 2 689
b 689
d 2 690
b 690
d 2 691
b 691
d 2 692
b 692
d 2 693
b 693
d 2 694
b 694
d 2 695
b 695
d 2 696
b 696
d 2 697
b 697
d 2 698
b 698
d 2 699
b 699
d 2 700
b 700
d 2 701
b 701
d 2 702
b 702
d 2 703
b 703
d 2 704
b 704
d 2 705
b 705
d 2 706
b 706
d 2 707
b 707
d 2 708
b 708
d 2 709
b 709
d 2 710
b 710
d 2 711
b 711
d 2 712
b 712
d 2 713
b 713
d 2 714
b 714
d 2 715
b 715
d 2 716
b 716
d 2 717
b 717
d 2 718
b 718
d 2 719
b 719
d 2 720
b 720
d 2 721
b 721
d 2 722
b 722
d 2 723
b 723
d 2 724
b 724
d 2 725
b 725
d 2 726
b 726
d 2 727
b 727
d 2 728
b 728
d 2 729
b 729
d 2 730
b 730
d 2 731
b 731
d 2 732
b 732
d 2 733
b 733
d 2 734
b 734
d 2 735
b 735
d 2 736
b 736
d 2 737
b 737
d 2 738
b 738
d 2 739
b 739
d 2 740
b 740
d 2 741
b 741
d 2 742
b 742
d 2 743
b 743
d 2 744
b 744
d 2 745
b 745
d 2 746
b 746
d 2 747
b 747
d 2 748
b 748
d 2 749
b 749
d 2 750
b 750
d 2 751
b 751
d 2 752
b 752
d 2 753
b 753
d 2 754
b 754
d 2 755
b 755
d 2 756
b 756
d 2 757
b 757
d 2 758
b 758
d 2 759
b 759
d 2 760
b 760
d 2 761
b 761
d 2 762
b 762
d 2 763
b 763
d 2 764
b 764
d 2 765
b 765
d 2 766
b 766
d 2 767
b 767
d 2 768
b 768
d 2 769
b 769
d 2 770
b 770
d 2 771
b 771
d 2 772
b 772
d 2 773
b 773
d 2 774
b 774
d 2 775
b 775
d 2 776
b 776
d 2 777
b 777
d 2 778
b 778
d 2 779
b 779
d 2 780
b 780
d 2 781
b 781
d 2 782
b 782
d 2 783
b 783
d 2 784
b 784
d 2 785
b 785
d 2 786
b 786
d 2 787
b 787
d 2 788
b 788
d 2 789
b 789
d 2 790
b 790
d 2 791
b 791
d 2 792
b 792
d 2 793
b 793
d 2 794
b 794
d 2 795
b 795
d 2 796
b 796
d 2 797
b 797
d 2 798
b 798
d 2 799
b 799
d 2 800
b 800
d 2 801
b 801
d 2 802
b 802
d 2 803
b 803
d 2 804
b 804
d 2 805
b 805
d 2 806
b 806
d 2 807
b 807
d 2 808
b 808
d 2 809
b 809
d 2 810
b 810
d 2 811
b 811
d 2 812
b 812
d 2 813
b 813
d 2 814
b 814
d 2 815
b 815
d 2 816
b 816
d 2 817
b 817
d 2 818
b 818
d 2 819
b 819
d 2 820
b 820
d 2 821
b 821
d 2 822
b 822
d 2 823
b 823
d 2 824
b 824
d 2 825
b 825
d 2 826
b 826
d 2 827
b 827
d 2 828
b 828
d 2 829
b 829
d 2 830
b 830
d 2 831
b 831
d 2 832
b 832
d 2 833
b 833
d 2 834
b 834
d 2 835
b 835
d 2 836
b 836
d 2 837
b 837
d 2 838
b 838
d 2 839
b 839
d 2 840
b 840
d 2 841
b 841
d 2 842
b 842
d 2 843
b 843
d 2 844
b 844
d 2 845
b 845
d 2 846
b 846
d 2 847
b 847
d 2 848
b 848
d 2 849
b 849
d 2 850
b 850
d 2 851
b 851
d 2 852
b 852
d 2 853
b 853
d 2 854
b 854
d 2 855
b 855
d 2 856
b 856
d 2 857
b 857
d 2 858
b 858
d 2 859
b 859
d 2 860
b 860
d 2 861
b 861
d 2 862
b 862
d 2 863
b 863
d 2 864
b 864
d 2 865
b 865
d 2 866
b 866
d 2 867
b 867
d 2 868
b 868
d 2 869
b 869
d 2 870
b 870
d 2 871
b 871
d 2 872
b 872
d 2 873
b 873
d 2 874
b 874
d 2 875
b 875
d 2 876
b 876
d 2 877
b 877
d 2 878
b 878
d 2 879
b 879
d 2 880
b 880
d 2 881
b 881
d 2 882
b 882
d 2 883
b 883
d 2 884
b 884
d 2 885
b 885
d 2 886
b 886
d 2 887
b 887
d 2 888
b 888
d 2 889
b 889
d 2 890
b 890
d 2 891
b 891
d 2 892
b 892
d 2 893
b 893
d 2 894
b 894
d 2 895
b 895
d 2 896
b 896
d 2 897
b 897
d 2 898
b 898
d 2 899
b 899
d 2 900
b 900
d 2 901
b 901
d 2 902
b 902
d 2 903
b 903
d 2 904
b 904
d 2 905
b 905
d 2 906
b 906
d 2 907
b 907
d 2 908
b 908
d 2 909
b 909
d 2 910
b 910
d 2 911
b 911
d 2 912
b 912
d 2 913
b 913
d 2 914
b 914
d 2 915
b 915
d 2 916
b 916
d 2 917
b 917
d 2 918
b 918
d 2 919
b 919
d 2 920
b 920
d 2 921
b 921
d 2 922
b 922
d 2 923
b 923
d 2 924
b 924
d 2 925
b 925
d 2 926
b 926
d 2 927
b 927
d 2 928
b 928
d 2 929
b 929
d 2 930
b 930
d 2 931
b 931
d 2 932
b 932
d 2 933
b 933
d 2 934
b 934
d 2 935
b 935
d 2 936
b 936
d 2 937
b 937
d 2 938
b 938
d 2 939
b 939
d 2 940
b 940
d 2 941
b 941
d 2 942
b 942
d 2 943
b 943
d 2 944
b 944
d 2 945
b 945
d 2 946
b 946
d 2 947
b 947
d 2 948
b 948
d 2 949
b 949
d 2 950
b 950
d 2 951
b 951
d 2 952
b 952
d 2 953
b 953
d 2 954
b 954
d 2 955
b 955
d 2 956
b 956
d 2 957
b 957
d 2 958
b 958
d 2 959
b 959
d 2 960
b 960
d 2 961
b 961
d 2 962
b 962
d 2 963
b 963
d 2 964
b 964
d 2 965
b 965
d 2 966
b 966
d 2 967
b 967
d 2 968
b 968
d 2 969
b 969
d 2 970
b 970
d 2 971
b 971
d 2 972
b 972
d 2 973
b 973
d 2 974
b 974
d 2 975
b 975
d 2 976
b 976
d 2 977
b 977
d 2 978
b 978
d 2 979
b 979
d 2 980
b 980
d 2 981
b 981
d 2 982
b 982
d 2 983
b 983
d 2 984
b 984
d 2 985
b 985
d 2 986
b 986
d 2 987
b 987
d 2 988
b 988
d 2 989
b 989
d 2 990
b 990
d 2 991
b 991
d 2 992
b 992
d 2 993
b 993
d 2 994
b 994
d 2 995
b 995
d 2 996
b 996
d 2 997
b 997
d 2 998
b 998
d 2 999
b 999
d 2 1000
b 1000
d 1 5
d 1 6
d 1 7
d 1 8
d 1 9
d 1 10
d 1 11
d 1 12
d 1 13
d 1 14
d 1 15
d 1 16
d 1 17
d 1 18
d 1 19
d 1 20
d 1 21
d 1 22
d 1 23
d 1 24
d 1 25
d 1 26
d 1 27
d 1 28
d 1 29
d 1 30
d 1 31
d 1 32
d 1 33
d 1 34
d 1 35
d 1 36
d 1 37
d 1 38
d 1 39
d 1 40
d 1 41
d 1 42
d 1 43
d 1 44
d 1 45
d 1 46
d 1 47
d 1 48
d 1 49
d 1 50
d 1 51
d 1 52
d 1 53
d 1 54
d 1 55
d 1 56
d 1 57
d 1 58
d 1 59
d 1 60
d 1 61
d 1 62
d 1 63
d 1 64
d 1 65
d 1 66
d 1 67
d 1 68
d 1 69
d 1 70
d 1 71
d 1 72
d 1 73
d 1 74
d 1 75
d 1 76
d 1 77
d 1 78
d 1 79
d 1 80
d 1 81
d 1 82
d 1 83
d 1 84
d 1 85
d 1 86
d 1 87
d 1 88
d 1 89
d 1 90
d 3 1
d 3 2
d 4 1
