d 3 1
b 1
d 3 2
b 2
d 3 3
b 3
d 3 4
b 4
d 3 5
b 5
d 3 6
b 6
d 3 7
b 7
d 3 8
b 8
d 3 9
b 9
d 3 10
b 10
d 3 11
b 11
d 3 12
b 12
d 3 13
b 13
d 3 14
b 14
d 3 15
b 15
d 3 16
b 16
d 3 17
b 17
d 3 18
b 18
d 3 19
b 19
d 3 20
b 20
d 3 21
b 21
d 3 22
b 22
d 3 23
b 23
d 3 24
b 24
d 3 25
b 25
d 3 26
b 26
d 3 27
b 27
d 3 28
b 28
d 3 29
b 29
d 3 30
b 30
d 3 31
b 31
d 3 32
b 32
d 3 33
b 33
d 3 34
b 34
d 3 35
b 35
d 3 36
b 36
d 3 37
b 37
d 3 38
b 38
d 3 39
b 39
d 3 40
b 40
d 3 41
b 41
d 3 42
b 42
d 3 43
b 43
d 3 44
b 44
d 3 45
b 45
d 3 46
b 46
d 3 47
b 47
d 3 48
b 48
d 3 49
b 49
d 3 50
b 50
d 3 51
b 51
d 3 52
b 52
d 3 53
b 53
d 3 54
b 54
d 3 55
b 55
d 3 56
b 56
d 3 57
b 57
d 3 58
b 58
d 3 59
b 59
d 3 60
b 60
d 3 61
b 61
d 3 62
b 62
d 3 63
b 63
d 3 64
b 64
d 3 65
b 65
d 3 66
b 66
d 3 67
b 67
d 3 68
b 68
d 3 69
b 69
d 3 70
b 70
d 3 71
b 71
d 3 72
b 72
d 3 73
b 73
d 3 74
b 74
d 3 75
b 75
d 3 76
b 76
d 3 77
b 77
d 3 78
b 78
d 3 79
b 79
d 3 80
b 80
d 3 81
b 81
d 3 82
b 82
d 3 83
b 83
d 3 84
b 84
d 3 85
b 85
d 3 86
b 86
d 3 87
b 87
d 3 88
b 88
d 3 89
b 89
d 3 90
b 90
d 3 91
b 91
d 3 92
b 92
d 3 93
b 93
d 3 94
b 94
d 3 95
b 95
d 3 96
b 96
d 3 97
b 97
d 3 98
b 98
d 3 99
b 99
d 3 100
b 100
d 3 101
b 101
d 3 102
b 102
d 3 103
b 103
d 3 104
b 104
d 3 105
b 105
d 3 106
b 106
d 3 107
b 107
d 3 108
b 108
d 3 109
b 109
d 3 110
b 110
d 3 111
b 111
d 3 112
b 112
d 3 113
b 113
d 3 114
b 114
d 3 115
b 115
d 3 116
b 116
d 3 117
b 117
d 3 118
b 118
d 3 119
b 119
d 3 120
b 120
d 3 121
b 121
d 3 122
b 122
d 3 123
b 123
d 3 124
b 124
d 3 125
b 125
d 3 126
b 126
d 3 127
b 127
d 3 128
b 128
d 3 129
b 129
d 3 130
b 130
d 3 131
b 131
d 3 132
b 132
d 3 133
b 133
d 3 134
b 134
d 3 135
b 135
d 3 136
b 136
d 3 137
b 137
d 3 138
b 138
d 3 139
b 139
d 3 140
b 140
d 3 141
b 141
d 3 142
b 142
d 3 143
b 143
d 3 144
b 144
d 3 145
b 145
d 3 146
b 146
d 3 147
b 147
d 3 148
b 148
d 3 149
b 149
d 3 150
b 150
d 3 151
b 151
d 3 152
b 152
d 3 153
b 153
d 3 154
b 154
d 3 155
b 155
d 3 156
b 156
d 3 157
b 157
d 3 158
b 158
d 3 159
b 159
d 3 160
b 160
d 3 161
b 161
d 3 162
b 162
d 3 163
b 163
d 3 164
b 164
d 3 165
b 165
d 3 166
b 166
d 3 167
b 167
d 3 168
b 168
d 3 169
b 169
d 3 170
b 170
d 3 171
b 171
d 3 172
b 172
d 3 173
b 173
d 3 174
b 174
d 3 175
b 175
d 3 176
b 176
d 3 177
b 177
d 3 178
b 178
d 3 179
b 179
d 3 180
b 180
d 3 181
b 181
d 3 182
b 182
d 3 183
b 183
d 3 184
b 184
d 3 185
b 185
d 3 186
b 186
d 3 187
b 187
d 3 188
b 188
d 3 189
b 189
d 3 190
b 190
d 3 191
b 191
d 3 192
b 192
d 3 193
b 193
d 3 194
b 194
d 3 195
b 195
d 3 196
b 196
d 3 197
b 197
d 3 198
b 198
d 3 199
b 199
d 3 200
b 200
d 3 201
b 201
d 3 202
b 202
d 3 203
b 203
d 3 204
b 204
d 3 205
b 205
d 3 206
b 206
d 3 207
b 207
d 3 208
b 208
d 3 209
b 209
d 3 210
b 210
d 3 211
b 211
d 3 212
b 212
d 3 213
b 213
d 3 214
b 214
d 3 215
b 215
d 3 216
b 216
d 3 217
b 217
d 3 218
b 218
d 3 219
b 219
d 3 220
b 220
d 3 221
b 221
d 3 222
b 222
d 3 223
b 223
d 3 224
b 224
d 3 225
b 225
d 3 226
b 226
d 3 227
b 227
d 3 228
b 228
d 3 229
b 229
d 3 230
b 230
d 3 231
b 231
d 3 232
b 232
d 3 233
b 233
d 3 234
b 234
d 3 235
b 235
d 3 236
b 236
d 3 237
b 237
d 3 238
b 238
d 3 239
b 239
d 3 240
b 240
d 3 241
b 241
d 3 242
b 242
d 3 243
b 243
d 3 244
b 244
d 3 245
b 245
d 3 246
b 246
d 3 247
b 247
d 3 248
b 248
d 3 249
b 249
d 3 250
b 250
d 3 251
b 251
d 3 252
b 252
d 3 253
b 253
d 3 254
b 254
d 3 255
b 255
d 3 256
b 256
d 3 257
b 257
d 3 258
b 258
d 3 259
b 259
d 3 260
b 260
d 3 261
b 261
d 3 262
b 262
d 3 263
b 263
d 3 264
b 264
d 3 265
b 265
d 3 266
b 266
d 3 267
b 267
d 3 268
b 268
d 3 269
b 269
d 3 270
b 270
d 3 271
b 271
d 3 272
b 272
d 3 273
b 273
d 3 274
b 274
d 3 275
b 275
d 3 276
b 276
d 3 277
b 277
d 3 278
b 278
d 3 279
b 279
d 3 280
b 280
d 3 281
b 281
d 3 282
b 282
d 3 283
b 283
d 3 284
b 284
d 3 285
b 285
d 3 286
b 286
d 3 287
b 287
d 3 288
b 288
d 3 289
b 289
d 3 290
b 290
d 3 291
b 291
d 3 292
b 292
d 3 293
b 293
d 3 294
b 294
d 3 295
b 295
d 3 296
b 296
d 3 297
b 297
d 3 298
b 298
d 3 299
b 299
d 3 300
b 300
d 3 301
b 301
d 3 302
b 302
d 3 303
b 303
d 3 304
b 304
d 3 305
b 305
d 3 306
b 306
d 3 307
b 307
d 3 308
b 308
d 3 309
b 309
d 3 310
b 310
d 3 311
b 311
d 3 312
b 312
d 3 313
b 313
d 3 314
b 314
d 3 315
b 315
d 3 316
b 316
d 3 317
b 317
d 3 318
b 318
d 3 319
b 319
d 3 320
b 320
d 3 321
b 321
d 3 322
b 322
d 3 323
b 323
d 3 324
b 324
d 3 325
b 325
d 3 326
b 326
d 3 327
b 327
d 3 328
b 328
d 3 329
b 329
d 3 330
b 330
d 3 331
b 331
d 3 332
b 332
d 3 333
b 333
d 3 334
b 334
d 3 335
b 335
d 3 336
b 336
d 3 337
b 337
d 3 338
b 338
d 3 339
b 339
d 3 340
b 340
d 3 341
b 341
d 3 342
b 342
d 3 343
b 343
d 3 344
b 344
d 3 345
b 345
d 3 346
b 346
d 3 347
b 347
d 3 348
b 348
d 3 349
b 349
d 3 350
b 350
d 3 351
b 351
d 3 352
b 352
d 3 353
b 353
d 3 354
b 354
d 3 355
b 355
d 3 356
b 356
d 3 357
b 357
d 3 358
b 358
d 3 359
b 359
d 3 360
b 360
d 3 361
b 361
d 3 362
b 362
d 3 363
b 363
d 3 364
b 364
d 3 365
b 365
d 3 366
b 366
d 3 367
b 367
d 3 368
b 368
d 3 369
b 369
d 3 370
b 370
d 3 371
b 371
d 3 372
b 372
d 3 373
b 373
d 3 374
b 374
d 3 375
b 375
d 3 376
b 376
d 3 377
b 377
d 3 378
b 378
d 3 379
b 379
d 3 380
b 380
d 3 381
b 381
d 3 382
b 382
d 3 383
b 383
d 3 384
b 384
d 3 385
b 385
d 3 386
b 386
d 3 387
b 387
d 3 388
b 388
d 3 389
b 389
d 3 390
b 390
d 3 391
b 391
d 3 392
b 392
d 3 393
b 393
d 3 394
b 394
d 3 395
b 395
d 3 396
b 396
d 3 397
b 397
d 3 398
b 398
d 3 399
b 399
d 3 400
b 400
d 3 401
b 401
d 3 402
b 402
d 3 403
b 403
d 3 404
b 404
d 3 405
b 405
d 3 406
b 406
d 3 407
b 407
d 3 408
b 408
d 3 409
b 409
d 3 410
b 410
d 3 411
b 411
d 3 412
b 412
d 3 413
b 413
d 3 414
b 414
d 3 415
b 415
d 3 416
b 416
d 3 417
b 417
d 3 418
b 418
d 3 419
b 419
d 3 420
b 420
d 3 421
b 421
d 3 422
b 422
d 3 423
b 423
d 3 424
b 424
d 3 425
b 425
d 3 426
b 426
d 3 427
b 427
d 3 428
b 428
d 3 429
b 429
d 3 430
b 430
d 3 431
b 431
d 3 432
b 432
d 3 433
b 433
d 3 434
b 434
d 3 435
b 435
d 3 436
b 436
d 3 437
b 437
d 3 438
b 438
d 3 439
b 439
d 3 440
b 440
d 3 441
b 441
d 3 442
b 442
d 3 443
b 443
d 3 444
b 444
d 3 445
b 445
d 3 446
b 446
d 3 447
b 447
d 3 448
b 448
d 3 449
b 449
d 3 450
b 450
d 3 451
b 451
d 3 452
b 452
d 3 453
b 453
d 3 454
b 454
d 3 455
b 455
d 3 456
b 456
d 3 457
b 457
d 3 458
b 458
d 3 459
b 459
d 3 460
b 460
d 3 461
b 461
d 3 462
b 462
d 3 463
b 463
d 3 464
b 464
d 3 465
b 465
d 3 466
b 466
d 3 467
b 467
d 3 468
b 468
d 3 469
b 469
d 3 470
b 470
d 3 471
b 471
d 3 472
b 472
d 3 473
b 473
d 3 474
b 474
d 3 475
b 475
d 3 476
b 476
d 3 477
b 477
d 3 478
b 478
d 3 479
b 479
d 3 480
b 480
d 3 481
b 481
d 3 482
b 482
d 3 483
b 483
d 3 484
b 484
d 3 485
b 485
d 3 486
b 486
d 3 487
b 487
d 3 488
b 488
d 3 489
b 489
d 3 490
b 490
d 3 491
b 491
d 3 492
b 492
d 3 493
b 493
d 3 494
b 494
d 3 495
b 495
d 3 496
b 496
d 3 497
b 497
d 3 498
b 498
d 3 499
b 499
d 3 500
b 500
d 3 501
b 501
d 3 502
b 502
d 3 503
b 503
d 3 504
b 504
d 3 505
b 505
d 3 506
b 506
d 3 507
b 507
d 3 508
b 508
d 3 509
b 509
d 3 510
b 510
d 3 511
b 511
d 3 512
b 512
d 3 513
b 513
d 3 514
b 514
d 3 515
b 515
d 3 516
b 516
d 3 517
b 517
d 3 518
b 518
d 3 519
b 519
d 3 520
b 520
d 3 521
b 521
d 3 522
b 522
d 3 523
b 523
d 3 524
b 524
d 3 525
b 525
d 3 526
b 526
d 3 527
b 527
d 3 528
b 528
d 3 529
b 529
d 3 530
b 530
d 3 531
b 531
d 3 532
b 532
d 3 533
b 533
d 3 534
b 534
d 3 535
b 535
d 3 536
b 536
d 3 537
b 537
d 3 538
b 538
d 3 539
b 539
d 3 540
b 540
d 3 541
b 541
d 3 542
b 542
d 3 543
b 543
d 3 544
b 544
d 3 545
b 545
d 3 546
b 546
d 3 547
b 547
d 3 548
b 548
d 3 549
b 549
d 3 550
b 550
d 3 551
b 551
d 3 552
b 552
d 3 553
b 553
d 3 554
b 554
d 3 555
b 555
d 3 556
b 556
d 3 557
b 557
d 3 558
b 558
d 3 559
b 559
d 3 560
b 560
d 3 561
b 561
d 3 562
b 562
d 3 563
b 563
d 3 564
b 564
d 3 565
b 565
d 3 566
b 566
d 3 567
b 567
d 3 568
b 568
d 3 569
b 569
d 3 570
b 570
d 3 571
b 571
d 3 572
b 572
d 3 573
b 573
d 3 574
b 574
d 3 575
b 575
d 3 576
b 576
d 3 577
b 577
d 3 578
b 578
d 3 579
b 579
d 3 580
b 580
d 3 581
b 581
d 3 582
b 582
d 3 583
b 583
d 3 584
b 584
d 3 585
b 585
d 3 586
b 586
d 3 587
b 587
d 3 588
b 588
d 3 589
b 589
d 3 590
b 590
d 3 591
b 591
d 3 592
b 592
d 3 593
b 593
d 3 594
b 594
d 3 595
b 595
d 3 596
b 596
d 3 597
b 597
d 3 598
b 598
d 3 599
b 599
d 3 600
b 600
d 3 601
b 601
d 3 602
b 602
d 3 603
b 603
d 3 604
b 604
d 3 605
b 605
d 3 606
b 606
d 3 607
b 607
d 3 608
b 608
d 3 609
b 609
d 3 610
b 610
d 3 611
b 611
d 3 612
b 612
d 3 613
b 613
d 3 614
b 614
d 3 615
b 615
d 3 616
b 616
d 3 617
b 617
d 3 618
b 618
d 3 619
b 619
d 3 620
b 620
d 3 621
b 621
d 3 622
b 622
d 3 623
b 623
d 3 624
b 624
d 3 625
b 625
d 3 626
b 626
d 3 627
b 627
d 3 628
b 628
d 3 629
b 629
d 3 630
b 630
d 3 631
b 631
d 3 632
b 632
d 3 633
b 633
d 3 634
b 634
d 3 635
b 635
d 3 636
b 636
d 3 637
b 637
d 3 638
b 638
d 3 639
b 639
d 3 640
b 640
d 3 641
b 641
d 3 642
b 642
d 3 643
b 643
d 3 644
b 644
d 3 645
b 645
d 3 646
b 646
d 3 647
b 647
d 3 648
b 648
d 3 649
b 649
d 3 650
b 650
d 3 651
b 651
d 3 652
b 652
d 3 653
b 653
d 3 654
b 654
d 3 655
b 655
d 3 656
b 656
d 3 657
b 657
d 3 658
b 658
d 3 659
b 659
d 3 660
b 660
d 3 661
b 661
d 3 662
b 662
d 3 663
b 663
d 3 664
b 664
d 3 665
b 665
d 3 666
b 666
d 3 667
b 667
d 3 668
b 668
d 3 669
b 669
d 3 670
b 670
d 3 671
b 671
d 3 672
b 672
d 3 673
b 673
d 3 674
b 674
d 3 675
b 675
d 3 676
b 676
d 3 677
b 677
d 3 678
b 678
d 3 679
b 679
d 3 680
b 680
d 3 681
b 681
d 3 682
b 682
d 3 683
b 683
d 3 684
b 684
d 3 685
b 685
d 3 686
b 686
d 3 687
b 687
d 3 688
b 688
d 3 689
b 689
d 3 690
b 690
d 3 691
b 691
d 3 692
b 692
d 3 693
b 693
d 3 694
b 694
d 3 695
b 695
d 3 696
b 696
d 3 697
b 697
d 3 698
b 698
d 3 699
b 699
d 3 700
b 700
d 3 701
b 701
d 3 702
b 702
d 3 703
b 703
d 3 704
b 704
d 3 705
b 705
d 3 706
b 706
d 3 707
b 707
d 3 708
b 708
d 3 709
b 709
d 3 710
b 710
d 3 711
b 711
d 3 712
b 712
d 3 713
b 713
d 3 714
b 714
d 3 715
b 715
d 3 716
b 716
d 3 717
b 717
d 3 718
b 718
d 3 719
b 719
d 3 720
b 720
d 3 721
b 721
d 3 722
b 722
d 3 723
b 723
d 3 724
b 724
d 3 725
b 725
d 3 726
b 726
d 3 727
b 727
d 3 728
b 728
d 3 729
b 729
d 3 730
b 730
d 3 731
b 731
d 3 732
b 732
d 3 733
b 733
d 3 734
b 734
d 3 735
b 735
d 3 736
b 736
d 3 737
b 737
d 3 738
b 738
d 3 739
b 739
d 3 740
b 740
d 3 741
b 741
d 3 742
b 742
d 3 743
b 743
d 3 744
b 744
d 3 745
b 745
d 3 746
b 746
d 3 747
b 747
d 3 748
b 748
d 3 749
b 749
d 3 750
b 750
d 3 751
b 751
d 3 752
b 752
d 3 753
b 753
d 3 754
b 754
d 3 755
b 755
d 3 756
b 756
d 3 757
b 757
d 3 758
b 758
d 3 759
b 759
d 3 760
b 760
d 3 761
b 761
d 3 762
b 762
d 3 763
b 763
d 3 764
b 764
d 3 765
b 765
d 3 766
b 766
d 3 767
b 767
d 3 768
b 768
d 3 769
b 769
d 3 770
b 770
d 3 771
b 771
d 3 772
b 772
d 3 773
b 773
d 3 774
b 774
d 3 775
b 775
d 3 776
b 776
d 3 777
b 777
d 3 778
b 778
d 3 779
b 779
d 3 780
b 780
d 3 781
b 781
d 3 782
b 782
d 3 783
b 783
d 3 784
b 784
d 3 785
b 785
d 3 786
b 786
d 3 787
b 787
d 3 788
b 788
d 3 789
b 789
d 3 790
b 790
d 3 791
b 791
d 3 792
b 792
d 3 793
b 793
d 3 794
b 794
d 3 795
b 795
d 3 796
b 796
d 3 797
b 797
d 3 798
b 798
d 3 799
b 799
d 3 800
b 800
d 3 801
b 801
d 3 802
b 802
d 3 803
b 803
d 3 804
b 804
d 3 805
b 805
d 3 806
b 806
d 3 807
b 807
d 3 808
b 808
d 3 809
b 809
d 3 810
b 810
d 3 811
b 811
d 3 812
b 812
d 3 813
b 813
d 3 814
b 814
d 3 815
b 815
d 3 816
b 816
d 3 817
b 817
d 3 818
b 818
d 3 819
b 819
d 3 820
b 820
d 3 821
b 821
d 3 822
b 822
d 3 823
b 823
d 3 824
b 824
d 3 825
b 825
d 3 826
b 826
d 3 827
b 827
d 3 828
b 828
d 3 829
b 829
d 3 830
b 830
d 3 831
b 831
d 3 832
b 832
d 3 833
b 833
d 3 834
b 834
d 3 835
b 835
d 3 836
b 836
d 3 837
b 837
d 3 838
b 838
d 3 839
b 839
d 3 840
b 840
d 3 841
b 841
d 3 842
b 842
d 3 843
b 843
d 3 844
b 844
d 3 845
b 845
d 3 846
b 846
d 3 847
b 847
d 3 848
b 848
d 3 849
b 849
d 3 850
b 850
d 3 851
b 851
d 3 852
b 852
d 3 853
b 853
d 3 854
b 854
d 3 855
b 855
d 3 856
b 856
d 3 857
b 857
d 3 858
b 858
d 3 859
b 859
d 3 860
b 860
d 3 861
b 861
d 3 862
b 862
d 3 863
b 863
d 3 864
b 864
d 3 865
b 865
d 3 866
b 866
d 3 867
b 867
d 3 868
b 868
d 3 869
b 869
d 3 870
b 870
d 3 871
b 871
d 3 872
b 872
d 3 873
b 873
d 3 874
b 874
d 3 875
b 875
d 3 876
b 876
d 3 877
b 877
d 3 878
b 878
d 3 879
b 879
d 3 880
b 880
d 3 881
b 881
d 3 882
b 882
d 3 883
b 883
d 3 884
b 884
d 3 885
b 885
d 3 886
b 886
d 3 887
b 887
d 3 888
b 888
d 3 889
b 889
d 3 890
b 890
d 3 891
b 891
d 3 892
b 892
d 3 893
b 893
d 3 894
b 894
d 3 895
b 895
d 3 896
b 896
d 3 897
b 897
d 3 898
b 898
d 3 899
b 899
d 3 900
b 900
d 3 901
b 901
d 3 902
b 902
d 3 903
b 903
d 3 904
b 904
d 3 905
b 905
d 3 906
b 906
d 3 907
b 907
d 3 908
b 908
d 3 909
b 909
d 3 910
b 910
d 3 911
b 911
d 3 912
b 912
d 3 913
b 913
d 3 914
b 914
d 3 915
b 915
d 3 916
b 916
d 3 917
b 917
d 3 918
b 918
d 3 919
b 919
d 3 920
b 920
d 3 921
b 921
d 3 922
b 922
d 3 923
b 923
d 3 924
b 924
d 3 925
b 925
d 3 926
b 926
d 3 927
b 927
d 3 928
b 928
d 3 929
b 929
d 3 930
b 930
d 3 931
b 931
d 3 932
b 932
d 3 933
b 933
d 3 934
b 934
d 3 935
b 935
d 3 936
b 936
d 3 937
b 937
d 3 938
b 938
d 3 939
b 939
d 3 940
b 940
d 3 941
b 941
d 3 942
b 942
d 3 943
b 943
d 3 944
b 944
d 3 945
b 945
d 3 946
b 946
d 3 947
b 947
d 3 948
b 948
d 3 949
b 949
d 3 950
b 950
d 3 951
b 951
d 3 952
b 952
d 3 953
b 953
d 3 954
b 954
d 3 955
b 955
d 3 956
b 956
d 3 957
b 957
d 3 958
b 958
d 3 959
b 959
d 3 960
b 960
d 3 961
b 961
d 3 962
b 962
d 3 963
b 963
d 3 964
b 964
d 3 965
b 965
d 3 966
b 966
d 3 967
b 967
d 3 968
b 968
d 3 969
b 969
d 3 970
b 970
d 3 971
b 971
d 3 972
b 972
d 3 973
b 973
d 3 974
b 974
d 3 975
b 975
d 3 976
b 976
d 3 977
b 977
d 3 978
b 978
d 3 979
b 979
d 3 980
b 980
d 3 981
b 981
d 3 982
b 982
d 3 983
b 983
d 3 984
b 984
d 3 985
b 985
d 3 986
b 986
d 3 987
b 987
d 3 988
b 988
d 3 989
b 989
d 3 990
b 990
d 3 991
b 991
d 3 992
b 992
d 3 993
b 993
d 3 994
b 994
d 3 995
b 995
d 3 996
b 996
d 3 997
b 997
d 3 998
b 998
d 3 999
b 999
d 3 1000
b 1000
d 1 1
d 1 2
d 1 3
d 1 4
d 1 5
d 1 6
d 1 7
d 1 8
d 1 9
d 1 10
d 1 11
d 1 12
d 1 13
d 1 14
d 1 15
d 1 16
d 1 17
d 1 18
d 1 19
d 1 20
d 1 21
d 1 22
d 1 23
d 1 24
d 1 25
d 1 26
d 1 27
d 1 28
d 1 29
d 1 30
d 1 31
d 1 32
d 1 33
d 1 34
d 1 35
d 1 36
d 1 37
d 1 38
d 1 39
d 1 40
d 1 41
d 1 42
d 1 43
d 1 44
d 1 45
d 1 46
d 1 47
d 1 48
d 1 49
