d 4 1
b 1
d 4 2
b 2
d 4 3
b 3
d 4 4
b 4
d 4 5
b 5
d 4 6
b 6
d 4 7
b 7
d 4 8
b 8
d 4 9
b 9
d 4 10
b 10
d 4 11
b 11
d 4 12
b 12
d 4 13
b 13
d 4 14
b 14
d 4 15
b 15
d 4 16
b 16
d 4 17
b 17
d 4 18
b 18
d 4 19
b 19
d 4 20
b 20
d 4 21
b 21
d 4 22
b 22
d 4 23
b 23
d 4 24
b 24
d 4 25
b 25
d 4 26
b 26
d 4 27
b 27
d 4 28
b 28
d 4 29
b 29
d 4 30
b 30
d 4 31
b 31
d 4 32
b 32
d 4 33
b 33
d 4 34
b 34
d 4 35
b 35
d 4 36
b 36
d 4 37
b 37
d 4 38
b 38
d 4 39
b 39
d 4 40
b 40
d 4 41
b 41
d 4 42
b 42
d 4 43
b 43
d 4 44
b 44
d 4 45
b 45
d 4 46
b 46
d 4 47
b 47
d 4 48
b 48
d 4 49
b 49
d 4 50
b 50
d 4 51
b 51
d 4 52
b 52
d 4 53
b 53
d 4 54
b 54
d 4 55
b 55
d 4 56
b 56
d 4 57
b 57
d 4 58
b 58
d 4 59
b 59
d 4 60
b 60
d 4 61
b 61
d 4 62
b 62
d 4 63
b 63
d 4 64
b 64
d 4 65
b 65
d 4 66
b 66
d 4 67
b 67
d 4 68
b 68
d 4 69
b 69
d 4 70
b 70
d 4 71
b 71
d 4 72
b 72
d 4 73
b 73
d 4 74
b 74
d 4 75
b 75
d 4 76
b 76
d 4 77
b 77
d 4 78
b 78
d 4 79
b 79
d 4 80
b 80
d 4 81
b 81
d 4 82
b 82
d 4 83
b 83
d 4 84
b 84
d 4 85
b 85
d 4 86
b 86
d 4 87
b 87
d 4 88
b 88
d 4 89
b 89
d 4 90
b 90
d 4 91
b 91
d 4 92
b 92
d 4 93
b 93
d 4 94
b 94
d 4 95
b 95
d 4 96
b 96
d 4 97
b 97
d 4 98
b 98
d 4 99
b 99
d 4 100
b 100
d 4 101
b 101
d 4 102
b 102
d 4 103
b 103
d 4 104
b 104
d 4 105
b 105
d 4 106
b 106
d 4 107
b 107
d 4 108
b 108
d 4 109
b 109
d 4 110
b 110
d 4 111
b 111
d 4 112
b 112
d 4 113
b 113
d 4 114
b 114
d 4 115
b 115
d 4 116
b 116
d 4 117
b 117
d 4 118
b 118
d 4 119
b 119
d 4 120
b 120
d 4 121
b 121
d 4 122
b 122
d 4 123
b 123
d 4 124
b 124
d 4 125
b 125
d 4 126
b 126
d 4 127
b 127
d 4 128
b 128
d 4 129
b 129
d 4 130
b 130
d 4 131
b 131
d 4 132
b 132
d 4 133
b 133
d 4 134
b 134
d 4 135
b 135
d 4 136
b 136
d 4 137
b 137
d 4 138
b 138
d 4 139
b 139
d 4 140
b 140
d 4 141
b 141
d 4 142
b 142
d 4 143
b 143
d 4 144
b 144
d 4 145
b 145
d 4 146
b 146
d 4 147
b 147
d 4 148
b 148
d 4 149
b 149
d 4 150
b 150
d 4 151
b 151
d 4 152
b 152
d 4 153
b 153
d 4 154
b 154
d 4 155
b 155
d 4 156
b 156
d 4 157
b 157
d 4 158
b 158
d 4 159
b 159
d 4 160
b 160
d 4 161
b 161
d 4 162
b 162
d 4 163
b 163
d 4 164
b 164
d 4 165
b 165
d 4 166
b 166
d 4 167
b 167
d 4 168
b 168
d 4 169
b 169
d 4 170
b 170
d 4 171
b 171
d 4 172
b 172
d 4 173
b 173
d 4 174
b 174
d 4 175
b 175
d 4 176
b 176
d 4 177
b 177
d 4 178
b 178
d 4 179
b 179
d 4 180
b 180
d 4 181
b 181
d 4 182
b 182
d 4 183
b 183
d 4 184
b 184
d 4 185
b 185
d 4 186
b 186
d 4 187
b 187
d 4 188
b 188
d 4 189
b 189
d 4 190
b 190
d 4 191
b 191
d 4 192
b 192
d 4 193
b 193
d 4 194
b 194
d 4 195
b 195
d 4 196
b 196
d 4 197
b 197
d 4 198
b 198
d 4 199
b 199
d 4 200
b 200
d 4 201
b 201
d 4 202
b 202
d 4 203
b 203
d 4 204
b 204
d 4 205
b 205
d 4 206
b 206
d 4 207
b 207
d 4 208
b 208
d 4 209
b 209
d 4 210
b 210
d 4 211
b 211
d 4 212
b 212
d 4 213
b 213
d 4 214
b 214
d 4 215
b 215
d 4 216
b 216
d 4 217
b 217
d 4 218
b 218
d 4 219
b 219
d 4 220
b 220
d 4 221
b 221
d 4 222
b 222
d 4 223
b 223
d 4 224
b 224
d 4 225
b 225
d 4 226
b 226
d 4 227
b 227
d 4 228
b 228
d 4 229
b 229
d 4 230
b 230
d 4 231
b 231
d 4 232
b 232
d 4 233
b 233
d 4 234
b 234
d 4 235
b 235
d 4 236
b 236
d 4 237
b 237
d 4 238
b 238
d 4 239
b 239
d 4 240
b 240
d 4 241
b 241
d 4 242
b 242
d 4 243
b 243
d 4 244
b 244
d 4 245
b 245
d 4 246
b 246
d 4 247
b 247
d 4 248
b 248
d 4 249
b 249
d 4 250
b 250
d 4 251
b 251
d 4 252
b 252
d 4 253
b 253
d 4 254
b 254
d 4 255
b 255
d 4 256
b 256
d 4 257
b 257
d 4 258
b 258
d 4 259
b 259
d 4 260
b 260
d 4 261
b 261
d 4 262
b 262
d 4 263
b 263
d 4 264
b 264
d 4 265
b 265
d 4 266
b 266
d 4 267
b 267
d 4 268
b 268
d 4 269
b 269
d 4 270
b 270
d 4 271
b 271
d 4 272
b 272
d 4 273
b 273
d 4 274
b 274
d 4 275
b 275
d 4 276
b 276
d 4 277
b 277
d 4 278
b 278
d 4 279
b 279
d 4 280
b 280
d 4 281
b 281
d 4 282
b 282
d 4 283
b 283
d 4 284
b 284
d 4 285
b 285
d 4 286
b 286
d 4 287
b 287
d 4 288
b 288
d 4 289
b 289
d 4 290
b 290
d 4 291
b 291
d 4 292
b 292
d 4 293
b 293
d 4 294
b 294
d 4 295
b 295
d 4 296
b 296
d 4 297
b 297
d 4 298
b 298
d 4 299
b 299
d 4 300
b 300
d 4 301
b 301
d 4 302
b 302
d 4 303
b 303
d 4 304
b 304
d 4 305
b 305
d 4 306
b 306
d 4 307
b 307
d 4 308
b 308
d 4 309
b 309
d 4 310
b 310
d 4 311
b 311
d 4 312
b 312
d 4 313
b 313
d 4 314
b 314
d 4 315
b 315
d 4 316
b 316
d 4 317
b 317
d 4 318
b 318
d 4 319
b 319
d 4 320
b 320
d 4 321
b 321
d 4 322
b 322
d 4 323
b 323
d 4 324
b 324
d 4 325
b 325
d 4 326
b 326
d 4 327
b 327
d 4 328
b 328
d 4 329
b 329
d 4 330
b 330
d 4 331
b 331
d 4 332
b 332
d 4 333
b 333
d 4 334
b 334
d 4 335
b 335
d 4 336
b 336
d 4 337
b 337
d 4 338
b 338
d 4 339
b 339
d 4 340
b 340
d 4 341
b 341
d 4 342
b 342
d 4 343
b 343
d 4 344
b 344
d 4 345
b 345
d 4 346
b 346
d 4 347
b 347
d 4 348
b 348
d 4 349
b 349
d 4 350
b 350
d 4 351
b 351
d 4 352
b 352
d 4 353
b 353
d 4 354
b 354
d 4 355
b 355
d 4 356
b 356
d 4 357
b 357
d 4 358
b 358
d 4 359
b 359
d 4 360
b 360
d 4 361
b 361
d 4 362
b 362
d 4 363
b 363
d 4 364
b 364
d 4 365
b 365
d 4 366
b 366
d 4 367
b 367
d 4 368
b 368
d 4 369
b 369
d 4 370
b 370
d 4 371
b 371
d 4 372
b 372
d 4 373
b 373
d 4 374
b 374
d 4 375
b 375
d 4 376
b 376
d 4 377
b 377
d 4 378
b 378
d 4 379
b 379
d 4 380
b 380
d 4 381
b 381
d 4 382
b 382
d 4 383
b 383
d 4 384
b 384
d 4 385
b 385
d 4 386
b 386
d 4 387
b 387
d 4 388
b 388
d 4 389
b 389
d 4 390
b 390
d 4 391
b 391
d 4 392
b 392
d 4 393
b 393
d 4 394
b 394
d 4 395
b 395
d 4 396
b 396
d 4 397
b 397
d 4 398
b 398
d 4 399
b 399
d 4 400
b 400
d 4 401
b 401
d 4 402
b 402
d 4 403
b 403
d 4 404
b 404
d 4 405
b 405
d 4 406
b 406
d 4 407
b 407
d 4 408
b 408
d 4 409
b 409
d 4 410
b 410
d 4 411
b 411
d 4 412
b 412
d 4 413
b 413
d 4 414
b 414
d 4 415
b 415
d 4 416
b 416
d 4 417
b 417
d 4 418
b 418
d 4 419
b 419
d 4 420
b 420
d 4 421
b 421
d 4 422
b 422
d 4 423
b 423
d 4 424
b 424
d 4 425
b 425
d 4 426
b 426
d 4 427
b 427
d 4 428
b 428
d 4 429
b 429
d 4 430
b 430
d 4 431
b 431
d 4 432
b 432
d 4 433
b 433
d 4 434
b 434
d 4 435
b 435
d 4 436
b 436
d 4 437
b 437
d 4 438
b 438
d 4 439
b 439
d 4 440
b 440
d 4 441
b 441
d 4 442
b 442
d 4 443
b 443
d 4 444
b 444
d 4 445
b 445
d 4 446
b 446
d 4 447
b 447
d 4 448
b 448
d 4 449
b 449
d 4 450
b 450
d 4 451
b 451
d 4 452
b 452
d 4 453
b 453
d 4 454
b 454
d 4 455
b 455
d 4 456
b 456
d 4 457
b 457
d 4 458
b 458
d 4 459
b 459
d 4 460
b 460
d 4 461
b 461
d 4 462
b 462
d 4 463
b 463
d 4 464
b 464
d 4 465
b 465
d 4 466
b 466
d 4 467
b 467
d 4 468
b 468
d 4 469
b 469
d 4 470
b 470
d 4 471
b 471
d 4 472
b 472
d 4 473
b 473
d 4 474
b 474
d 4 475
b 475
d 4 476
b 476
d 4 477
b 477
d 4 478
b 478
d 4 479
b 479
d 4 480
b 480
d 4 481
b 481
d 4 482
b 482
d 4 483
b 483
d 4 484
b 484
d 4 485
b 485
d 4 486
b 486
d 4 487
b 487
d 4 488
b 488
d 4 489
b 489
d 4 490
b 490
d 4 491
b 491
d 4 492
b 492
d 4 493
b 493
d 4 494
b 494
d 4 495
b 495
d 4 496
b 496
d 4 497
b 497
d 4 498
b 498
d 4 499
b 499
d 4 500
b 500
d 4 501
b 501
d 4 502
b 502
d 4 503
b 503
d 4 504
b 504
d 4 505
b 505
d 4 506
b 506
d 4 507
b 507
d 4 508
b 508
d 4 509
b 509
d 4 510
b 510
d 4 511
b 511
d 4 512
b 512
d 4 513
b 513
d 4 514
b 514
d 4 515
b 515
d 4 516
b 516
d 4 517
b 517
d 4 518
b 518
d 4 519
b 519
d 4 520
b 520
d 4 521
b 521
d 4 522
b 522
d 4 523
b 523
d 4 524
b 524
d 4 525
b 525
d 4 526
b 526
d 4 527
b 527
d 4 528
b 528
d 4 529
b 529
d 4 530
b 530
d 4 531
b 531
d 4 532
b 532
d 4 533
b 533
d 4 534
b 534
d 4 535
b 535
d 4 536
b 536
d 4 537
b 537
d 4 538
b 538
d 4 539
b 539
d 4 540
b 540
d 4 541
b 541
d 4 542
b 542
d 4 543
b 543
d 4 544
b 544
d 4 545
b 545
d 4 546
b 546
d 4 547
b 547
d 4 548
b 548
d 4 549
b 549
d 4 550
b 550
d 4 551
b 551
d 4 552
b 552
d 4 553
b 553
d 4 554
b 554
d 4 555
b 555
d 4 556
b 556
d 4 557
b 557
d 4 558
b 558
d 4 559
b 559
d 4 560
b 560
d 4 561
b 561
d 4 562
b 562
d 4 563
b 563
d 4 564
b 564
d 4 565
b 565
d 4 566
b 566
d 4 567
b 567
d 4 568
b 568
d 4 569
b 569
d 4 570
b 570
d 4 571
b 571
d 4 572
b 572
d 4 573
b 573
d 4 574
b 574
d 4 575
b 575
d 4 576
b 576
d 4 577
b 577
d 4 578
b 578
d 4 579
b 579
d 4 580
b 580
d 4 581
b 581
d 4 582
b 582
d 4 583
b 583
d 4 584
b 584
d 4 585
b 585
d 4 586
b 586
d 4 587
b 587
d 4 588
b 588
d 4 589
b 589
d 4 590
b 590
d 4 591
b 591
d 4 592
b 592
d 4 593
b 593
d 4 594
b 594
d 4 595
b 595
d 4 596
b 596
d 4 597
b 597
d 4 598
b 598
d 4 599
b 599
d 4 600
b 600
d 4 601
b 601
d 4 602
b 602
d 4 603
b 603
d 4 604
b 604
d 4 605
b 605
d 4 606
b 606
d 4 607
b 607
d 4 608
b 608
d 4 609
b 609
d 4 610
b 610
d 4 611
b 611
d 4 612
b 612
d 4 613
b 613
d 4 614
b 614
d 4 615
b 615
d 4 616
b 616
d 4 617
b 617
d 4 618
b 618
d 4 619
b 619
d 4 620
b 620
d 4 621
b 621
d 4 622
b 622
d 4 623
b 623
d 4 624
b 624
d 4 625
b 625
d 4 626
b 626
d 4 627
b 627
d 4 628
b 628
d 4 629
b 629
d 4 630
b 630
d 4 631
b 631
d 4 632
b 632
d 4 633
b 633
d 4 634
b 634
d 4 635
b 635
d 4 636
b 636
d 4 637
b 637
d 4 638
b 638
d 4 639
b 639
d 4 640
b 640
d 4 641
b 641
d 4 642
b 642
d 4 643
b 643
d 4 644
b 644
d 4 645
b 645
d 4 646
b 646
d 4 647
b 647
d 4 648
b 648
d 4 649
b 649
d 4 650
b 650
d 4 651
b 651
d 4 652
b 652
d 4 653
b 653
d 4 654
b 654
d 4 655
b 655
d 4 656
b 656
d 4 657
b 657
d 4 658
b 658
d 4 659
b 659
d 4 660
b 660
d 4 661
b 661
d 4 662
b 662
d 4 663
b 663
d 4 664
b 664
d 4 665
b 665
d 4 666
b 666
d 4 667
b 667
d 4 668
b 668
d 4 669
b 669
d 4 670
b 670
d 4 671
b 671
d 4 672
b 672
d 4 673
b 673
d 4 674
b 674
d 4 675
b 675
d 4 676
b 676
d 4 677
b 677
d 4 678
b 678
d 4 679
b 679
d 4 680
b 680
d 4 681
b 681
d 4 682
d 1 1
d 1 2
d 1 3
d 1 4
b 682
d 4 683
b 683
d 4 684
b 684
d 4 685
b 685
d 4 686
b 686
d 4 687
b 687
d 4 688
b 688
d 4 689
b 689
d 4 690
b 690
d 4 691
b 691
d 4 692
b 692
d 4 693
b 693
d 4 694
b 694
d 4 695
b 695
d 4 696
b 696
d 4 697
b 697
d 4 698
b 698
d 4 699
b 699
d 4 700
b 700
d 4 701
b 701
d 4 702
b 702
d 4 703
b 703
d 4 704
b 704
d 4 705
b 705
d 4 706
b 706
d 4 707
b 707
d 4 708
b 708
d 4 709
b 709
d 4 710
b 710
d 4 711
b 711
d 4 712
b 712
d 4 713
b 713
d 4 714
b 714
d 4 715
b 715
d 4 716
b 716
d 4 717
b 717
d 4 718
b 718
d 4 719
b 719
d 4 720
b 720
d 4 721
b 721
d 4 722
b 722
d 4 723
b 723
d 4 724
b 724
d 4 725
b 725
d 4 726
b 726
d 4 727
b 727
d 4 728
b 728
d 4 729
b 729
d 4 730
b 730
d 4 731
b 731
d 4 732
b 732
d 4 733
b 733
d 4 734
b 734
d 4 735
b 735
d 4 736
b 736
d 4 737
b 737
d 4 738
b 738
d 4 739
b 739
d 4 740
b 740
d 4 741
b 741
d 4 742
b 742
d 4 743
b 743
d 4 744
b 744
d 4 745
b 745
d 4 746
b 746
d 4 747
b 747
d 4 748
b 748
d 4 749
b 749
d 4 750
b 750
d 4 751
b 751
d 4 752
b 752
d 4 753
b 753
d 4 754
b 754
d 4 755
b 755
d 4 756
b 756
d 4 757
b 757
d 4 758
b 758
d 4 759
b 759
d 4 760
b 760
d 4 761
b 761
d 4 762
b 762
d 4 763
b 763
d 4 764
b 764
d 4 765
b 765
d 4 766
b 766
d 4 767
b 767
d 4 768
b 768
d 4 769
b 769
d 4 770
b 770
d 4 771
b 771
d 4 772
b 772
d 4 773
b 773
d 4 774
b 774
d 4 775
b 775
d 4 776
b 776
d 4 777
b 777
d 4 778
b 778
d 4 779
b 779
d 4 780
b 780
d 4 781
b 781
d 4 782
b 782
d 4 783
b 783
d 4 784
b 784
d 4 785
b 785
d 4 786
b 786
d 4 787
b 787
d 4 788
b 788
d 4 789
b 789
d 4 790
b 790
d 4 791
b 791
d 4 792
b 792
d 4 793
b 793
d 4 794
b 794
d 4 795
b 795
d 4 796
b 796
d 4 797
b 797
d 4 798
b 798
d 4 799
b 799
d 4 800
b 800
d 4 801
b 801
d 4 802
b 802
d 4 803
b 803
d 4 804
b 804
d 4 805
b 805
d 4 806
b 806
d 4 807
b 807
d 4 808
b 808
d 4 809
b 809
d 4 810
b 810
d 4 811
b 811
d 4 812
b 812
d 4 813
b 813
d 4 814
b 814
d 4 815
b 815
d 4 816
b 816
d 4 817
b 817
d 4 818
b 818
d 4 819
b 819
d 4 820
b 820
d 4 821
b 821
d 4 822
b 822
d 4 823
b 823
d 4 824
b 824
d 4 825
b 825
d 4 826
b 826
d 4 827
b 827
d 4 828
b 828
d 4 829
b 829
d 4 830
b 830
d 4 831
b 831
d 4 832
b 832
d 4 833
b 833
d 4 834
b 834
d 4 835
b 835
d 4 836
b 836
d 4 837
b 837
d 4 838
b 838
d 4 839
b 839
d 4 840
b 840
d 4 841
b 841
d 4 842
b 842
d 4 843
b 843
d 4 844
b 844
d 4 845
b 845
d 4 846
b 846
d 4 847
b 847
d 4 848
b 848
d 4 849
b 849
d 4 850
b 850
d 4 851
b 851
d 4 852
b 852
d 4 853
b 853
d 4 854
b 854
d 4 855
b 855
d 4 856
b 856
d 4 857
b 857
d 4 858
b 858
d 4 859
b 859
d 4 860
b 860
d 4 861
b 861
d 4 862
b 862
d 4 863
b 863
d 4 864
b 864
d 4 865
b 865
d 4 866
b 866
d 4 867
b 867
d 4 868
b 868
d 4 869
b 869
d 4 870
b 870
d 4 871
b 871
d 4 872
b 872
d 4 873
b 873
d 4 874
b 874
d 4 875
b 875
d 4 876
b 876
d 4 877
b 877
d 4 878
b 878
d 4 879
b 879
d 4 880
b 880
d 4 881
b 881
d 4 882
b 882
d 4 883
b 883
d 4 884
b 884
d 4 885
b 885
d 4 886
b 886
d 4 887
b 887
d 4 888
b 888
d 4 889
b 889
d 4 890
b 890
d 4 891
b 891
d 4 892
b 892
d 4 893
b 893
d 4 894
b 894
d 4 895
b 895
d 4 896
b 896
d 4 897
b 897
d 4 898
b 898
d 4 899
b 899
d 4 900
b 900
d 4 901
b 901
d 4 902
b 902
d 4 903
b 903
d 4 904
b 904
d 4 905
b 905
d 4 906
b 906
d 4 907
b 907
d 4 908
b 908
d 4 909
b 909
d 4 910
b 910
d 4 911
b 911
d 4 912
b 912
d 4 913
b 913
d 4 914
b 914
d 4 915
b 915
d 4 916
b 916
d 4 917
b 917
d 4 918
b 918
d 4 919
b 919
d 4 920
b 920
d 4 921
b 921
d 4 922
b 922
d 4 923
b 923
d 4 924
b 924
d 4 925
b 925
d 4 926
b 926
d 4 927
b 927
d 4 928
b 928
d 4 929
b 929
d 4 930
b 930
d 4 931
b 931
d 4 932
b 932
d 4 933
b 933
d 4 934
b 934
d 4 935
b 935
d 4 936
b 936
d 4 937
b 937
d 4 938
b 938
d 4 939
b 939
d 4 940
b 940
d 4 941
b 941
d 4 942
b 942
d 4 943
b 943
d 4 944
b 944
d 4 945
b 945
d 4 946
b 946
d 4 947
b 947
d 4 948
b 948
d 4 949
b 949
d 4 950
b 950
d 4 951
b 951
d 4 952
b 952
d 4 953
b 953
d 4 954
b 954
d 4 955
b 955
d 4 956
b 956
d 4 957
b 957
d 4 958
b 958
d 4 959
b 959
d 4 960
b 960
d 4 961
b 961
d 4 962
b 962
d 4 963
b 963
d 4 964
b 964
d 4 965
b 965
d 4 966
b 966
d 4 967
b 967
d 4 968
b 968
d 4 969
b 969
d 4 970
b 970
d 4 971
b 971
d 4 972
b 972
d 4 973
b 973
d 4 974
b 974
d 4 975
b 975
d 4 976
b 976
d 4 977
b 977
d 4 978
b 978
d 4 979
b 979
d 4 980
b 980
d 4 981
b 981
d 4 982
b 982
d 4 983
b 983
d 4 984
b 984
d 4 985
b 985
d 4 986
b 986
d 4 987
b 987
d 4 988
b 988
d 4 989
b 989
d 4 990
b 990
d 4 991
b 991
d 4 992
b 992
d 4 993
b 993
d 4 994
b 994
d 4 995
b 995
d 4 996
b 996
d 4 997
b 997
d 4 998
b 998
d 4 999
b 999
d 4 1000
b 1000
d 1 5
d 1 6
d 1 7
d 1 8
d 1 9
d 1 10
d 1 11
d 1 12
d 1 13
d 1 14
d 1 15
d 1 16
d 1 17
d 1 18
d 1 19
d 1 20
d 1 21
d 1 22
d 1 23
d 1 24
d 1 25
d 3 1
d 3 2
d 1 26
d 1 27
d 1 28
d 1 29
d 1 30
d 1 31
d 1 32
d 1 33
