d 5 1
b 1
d 5 2
b 2
d 5 3
b 3
d 5 4
b 4
d 5 5
b 5
d 5 6
b 6
d 5 7
b 7
d 5 8
b 8
d 5 9
b 9
d 5 10
b 10
d 5 11
b 11
d 5 12
b 12
d 5 13
b 13
d 5 14
b 14
d 5 15
b 15
d 5 16
b 16
d 5 17
b 17
d 5 18
b 18
d 5 19
b 19
d 5 20
b 20
d 5 21
b 21
d 5 22
b 22
d 5 23
b 23
d 5 24
b 24
d 5 25
b 25
d 5 26
b 26
d 5 27
b 27
d 5 28
b 28
d 5 29
b 29
d 5 30
b 30
d 5 31
b 31
d 5 32
b 32
d 5 33
b 33
d 5 34
b 34
d 5 35
b 35
d 5 36
b 36
d 5 37
b 37
d 5 38
b 38
d 5 39
b 39
d 5 40
b 40
d 5 41
b 41
d 5 42
b 42
d 5 43
b 43
d 5 44
b 44
d 5 45
b 45
d 5 46
b 46
d 5 47
b 47
d 5 48
b 48
d 5 49
b 49
d 5 50
b 50
d 5 51
b 51
d 5 52
b 52
d 5 53
b 53
d 5 54
b 54
d 5 55
b 55
d 5 56
b 56
d 5 57
b 57
d 5 58
b 58
d 5 59
b 59
d 5 60
b 60
d 5 61
b 61
d 5 62
b 62
d 5 63
b 63
d 5 64
b 64
d 5 65
b 65
d 5 66
b 66
d 5 67
b 67
d 5 68
b 68
d 5 69
b 69
d 5 70
b 70
d 5 71
b 71
d 5 72
b 72
d 5 73
b 73
d 5 74
b 74
d 5 75
b 75
d 5 76
b 76
d 5 77
b 77
d 5 78
b 78
d 5 79
b 79
d 5 80
b 80
d 5 81
b 81
d 5 82
b 82
d 5 83
b 83
d 5 84
b 84
d 5 85
b 85
d 5 86
b 86
d 5 87
b 87
d 5 88
b 88
d 5 89
b 89
d 5 90
b 90
d 5 91
b 91
d 5 92
b 92
d 5 93
b 93
d 5 94
b 94
d 5 95
b 95
d 5 96
b 96
d 5 97
b 97
d 5 98
b 98
d 5 99
b 99
d 5 100
b 100
d 5 101
b 101
d 5 102
b 102
d 5 103
b 103
d 5 104
b 104
d 5 105
b 105
d 5 106
b 106
d 5 107
b 107
d 5 108
b 108
d 5 109
b 109
d 5 110
b 110
d 5 111
b 111
d 5 112
b 112
d 5 113
b 113
d 5 114
b 114
d 5 115
b 115
d 5 116
b 116
d 5 117
b 117
d 5 118
b 118
d 5 119
b 119
d 5 120
b 120
d 5 121
b 121
d 5 122
b 122
d 5 123
b 123
d 5 124
b 124
d 5 125
b 125
d 5 126
b 126
d 5 127
b 127
d 5 128
b 128
d 5 129
b 129
d 5 130
b 130
d 5 131
b 131
d 5 132
b 132
d 5 133
b 133
d 5 134
b 134
d 5 135
b 135
d 5 136
b 136
d 5 137
b 137
d 5 138
b 138
d 5 139
b 139
d 5 140
b 140
d 5 141
b 141
d 5 142
b 142
d 5 143
b 143
d 5 144
b 144
d 5 145
b 145
d 5 146
b 146
d 5 147
b 147
d 5 148
b 148
d 5 149
b 149
d 5 150
b 150
d 5 151
b 151
d 5 152
b 152
d 5 153
b 153
d 5 154
b 154
d 5 155
b 155
d 5 156
b 156
d 5 157
b 157
d 5 158
b 158
d 5 159
b 159
d 5 160
b 160
d 5 161
b 161
d 5 162
b 162
d 5 163
b 163
d 5 164
b 164
d 5 165
b 165
d 5 166
b 166
d 5 167
b 167
d 5 168
b 168
d 5 169
b 169
d 5 170
b 170
d 5 171
b 171
d 5 172
b 172
d 5 173
b 173
d 5 174
b 174
d 5 175
b 175
d 5 176
b 176
d 5 177
b 177
d 5 178
b 178
d 5 179
b 179
d 5 180
b 180
d 5 181
b 181
d 5 182
b 182
d 5 183
b 183
d 5 184
b 184
d 5 185
b 185
d 5 186
b 186
d 5 187
b 187
d 5 188
b 188
d 5 189
b 189
d 5 190
b 190
d 5 191
b 191
d 5 192
b 192
d 5 193
b 193
d 5 194
b 194
d 5 195
b 195
d 5 196
b 196
d 5 197
b 197
d 5 198
b 198
d 5 199
b 199
d 5 200
b 200
d 5 201
b 201
d 5 202
b 202
d 5 203
b 203
d 5 204
b 204
d 5 205
b 205
d 5 206
b 206
d 5 207
b 207
d 5 208
b 208
d 5 209
b 209
d 5 210
b 210
d 5 211
b 211
d 5 212
b 212
d 5 213
b 213
d 5 214
b 214
d 5 215
b 215
d 5 216
b 216
d 5 217
b 217
d 5 218
b 218
d 5 219
b 219
d 5 220
b 220
d 5 221
b 221
d 5 222
b 222
d 5 223
b 223
d 5 224
b 224
d 5 225
b 225
d 5 226
b 226
d 5 227
b 227
d 5 228
b 228
d 5 229
b 229
d 5 230
b 230
d 5 231
b 231
d 5 232
b 232
d 5 233
b 233
d 5 234
b 234
d 5 235
b 235
d 5 236
b 236
d 5 237
b 237
d 5 238
b 238
d 5 239
b 239
d 5 240
b 240
d 5 241
b 241
d 5 242
b 242
d 5 243
b 243
d 5 244
b 244
d 5 245
b 245
d 5 246
b 246
d 5 247
b 247
d 5 248
b 248
d 5 249
b 249
d 5 250
b 250
d 5 251
b 251
d 5 252
b 252
d 5 253
b 253
d 5 254
b 254
d 5 255
b 255
d 5 256
b 256
d 5 257
b 257
d 5 258
b 258
d 5 259
b 259
d 5 260
b 260
d 5 261
b 261
d 5 262
b 262
d 5 263
b 263
d 5 264
b 264
d 5 265
b 265
d 5 266
b 266
d 5 267
b 267
d 5 268
b 268
d 5 269
b 269
d 5 270
b 270
d 5 271
b 271
d 5 272
b 272
d 5 273
b 273
d 5 274
b 274
d 5 275
b 275
d 5 276
b 276
d 5 277
b 277
d 5 278
b 278
d 5 279
b 279
d 5 280
b 280
d 5 281
b 281
d 5 282
b 282
d 5 283
b 283
d 5 284
b 284
d 5 285
b 285
d 5 286
b 286
d 5 287
b 287
d 5 288
b 288
d 5 289
b 289
d 5 290
b 290
d 5 291
b 291
d 5 292
b 292
d 5 293
b 293
d 5 294
b 294
d 5 295
b 295
d 5 296
b 296
d 5 297
b 297
d 5 298
b 298
d 5 299
b 299
d 5 300
b 300
d 5 301
b 301
d 5 302
b 302
d 5 303
b 303
d 5 304
b 304
d 5 305
b 305
d 5 306
b 306
d 5 307
b 307
d 5 308
b 308
d 5 309
b 309
d 5 310
b 310
d 5 311
b 311
d 5 312
b 312
d 5 313
b 313
d 5 314
b 314
d 5 315
b 315
d 5 316
b 316
d 5 317
b 317
d 5 318
b 318
d 5 319
b 319
d 5 320
b 320
d 5 321
b 321
d 5 322
b 322
d 5 323
b 323
d 5 324
b 324
d 5 325
b 325
d 5 326
b 326
d 5 327
b 327
d 5 328
b 328
d 5 329
b 329
d 5 330
b 330
d 5 331
b 331
d 5 332
b 332
d 5 333
b 333
d 5 334
b 334
d 5 335
b 335
d 5 336
b 336
d 5 337
b 337
d 5 338
b 338
d 5 339
b 339
d 5 340
b 340
d 5 341
b 341
d 5 342
b 342
d 5 343
b 343
d 5 344
b 344
d 5 345
b 345
d 5 346
b 346
d 5 347
b 347
d 5 348
b 348
d 5 349
b 349
d 5 350
b 350
d 5 351
b 351
d 5 352
b 352
d 5 353
b 353
d 5 354
b 354
d 5 355
b 355
d 5 356
b 356
d 5 357
b 357
d 5 358
b 358
d 5 359
b 359
d 5 360
b 360
d 5 361
b 361
d 5 362
b 362
d 5 363
b 363
d 5 364
b 364
d 5 365
b 365
d 5 366
b 366
d 5 367
b 367
d 5 368
b 368
d 5 369
b 369
d 5 370
b 370
d 5 371
b 371
d 5 372
b 372
d 5 373
b 373
d 5 374
b 374
d 5 375
b 375
d 5 376
b 376
d 5 377
b 377
d 5 378
b 378
d 5 379
b 379
d 5 380
b 380
d 5 381
b 381
d 5 382
b 382
d 5 383
b 383
d 5 384
b 384
d 5 385
b 385
d 5 386
b 386
d 5 387
b 387
d 5 388
b 388
d 5 389
b 389
d 5 390
b 390
d 5 391
b 391
d 5 392
b 392
d 5 393
b 393
d 5 394
b 394
d 5 395
b 395
d 5 396
b 396
d 5 397
b 397
d 5 398
b 398
d 5 399
b 399
d 5 400
b 400
d 5 401
b 401
d 5 402
b 402
d 5 403
b 403
d 5 404
b 404
d 5 405
b 405
d 5 406
b 406
d 5 407
b 407
d 5 408
b 408
d 5 409
b 409
d 5 410
b 410
d 5 411
b 411
d 5 412
b 412
d 5 413
b 413
d 5 414
b 414
d 5 415
b 415
d 5 416
b 416
d 5 417
b 417
d 5 418
b 418
d 5 419
b 419
d 5 420
b 420
d 5 421
b 421
d 5 422
b 422
d 5 423
b 423
d 5 424
b 424
d 5 425
b 425
d 5 426
b 426
d 5 427
b 427
d 5 428
b 428
d 5 429
b 429
d 5 430
b 430
d 5 431
b 431
d 5 432
b 432
d 5 433
b 433
d 5 434
b 434
d 5 435
b 435
d 5 436
b 436
d 5 437
b 437
d 5 438
b 438
d 5 439
b 439
d 5 440
b 440
d 5 441
b 441
d 5 442
b 442
d 5 443
b 443
d 5 444
b 444
d 5 445
b 445
d 5 446
b 446
d 5 447
b 447
d 5 448
b 448
d 5 449
b 449
d 5 450
b 450
d 5 451
b 451
d 5 452
b 452
d 5 453
b 453
d 5 454
b 454
d 5 455
b 455
d 5 456
b 456
d 5 457
b 457
d 5 458
b 458
d 5 459
b 459
d 5 460
b 460
d 5 461
b 461
d 5 462
b 462
d 5 463
b 463
d 5 464
b 464
d 5 465
b 465
d 5 466
b 466
d 5 467
b 467
d 5 468
b 468
d 5 469
b 469
d 5 470
b 470
d 5 471
b 471
d 5 472
b 472
d 5 473
b 473
d 5 474
b 474
d 5 475
b 475
d 5 476
b 476
d 5 477
b 477
d 5 478
b 478
d 5 479
b 479
d 5 480
b 480
d 5 481
b 481
d 5 482
b 482
d 5 483
b 483
d 5 484
b 484
d 5 485
b 485
d 5 486
b 486
d 5 487
b 487
d 5 488
b 488
d 5 489
b 489
d 5 490
b 490
d 5 491
b 491
d 5 492
b 492
d 5 493
b 493
d 5 494
b 494
d 5 495
b 495
d 5 496
b 496
d 5 497
b 497
d 5 498
b 498
d 5 499
b 499
d 5 500
b 500
d 5 501
b 501
d 5 502
b 502
d 5 503
b 503
d 5 504
b 504
d 5 505
b 505
d 5 506
b 506
d 5 507
b 507
d 5 508
b 508
d 5 509
b 509
d 5 510
b 510
d 5 511
b 511
d 5 512
b 512
d 5 513
b 513
d 5 514
b 514
d 5 515
b 515
d 5 516
b 516
d 5 517
b 517
d 5 518
b 518
d 5 519
b 519
d 5 520
b 520
d 5 521
b 521
d 5 522
b 522
d 5 523
b 523
d 5 524
b 524
d 5 525
b 525
d 5 526
b 526
d 5 527
b 527
d 5 528
b 528
d 5 529
b 529
d 5 530
b 530
d 5 531
b 531
d 5 532
b 532
d 5 533
b 533
d 5 534
b 534
d 5 535
b 535
d 5 536
b 536
d 5 537
b 537
d 5 538
b 538
d 5 539
b 539
d 5 540
b 540
d 5 541
b 541
d 5 542
b 542
d 5 543
b 543
d 5 544
b 544
d 5 545
b 545
d 5 546
b 546
d 5 547
b 547
d 5 548
b 548
d 5 549
b 549
d 5 550
b 550
d 5 551
b 551
d 5 552
b 552
d 5 553
b 553
d 5 554
b 554
d 5 555
b 555
d 5 556
b 556
d 5 557
b 557
d 5 558
b 558
d 5 559
b 559
d 5 560
b 560
d 5 561
b 561
d 5 562
b 562
d 5 563
b 563
d 5 564
b 564
d 5 565
b 565
d 5 566
b 566
d 5 567
b 567
d 5 568
b 568
d 5 569
b 569
d 5 570
b 570
d 5 571
b 571
d 5 572
b 572
d 5 573
b 573
d 5 574
b 574
d 5 575
b 575
d 5 576
b 576
d 5 577
b 577
d 5 578
b 578
d 5 579
b 579
d 5 580
b 580
d 5 581
b 581
d 5 582
b 582
d 5 583
b 583
d 5 584
b 584
d 5 585
b 585
d 5 586
b 586
d 5 587
b 587
d 5 588
b 588
d 5 589
b 589
d 5 590
b 590
d 5 591
b 591
d 5 592
b 592
d 5 593
b 593
d 5 594
b 594
d 5 595
b 595
d 5 596
b 596
d 5 597
b 597
d 5 598
b 598
d 5 599
b 599
d 5 600
b 600
d 5 601
b 601
d 5 602
b 602
d 5 603
b 603
d 5 604
b 604
d 5 605
b 605
d 5 606
b 606
d 5 607
b 607
d 5 608
b 608
d 5 609
b 609
d 5 610
b 610
d 5 611
b 611
d 5 612
b 612
d 5 613
b 613
d 5 614
b 614
d 5 615
b 615
d 5 616
b 616
d 5 617
b 617
d 5 618
b 618
d 5 619
b 619
d 5 620
b 620
d 5 621
b 621
d 5 622
b 622
d 5 623
b 623
d 5 624
b 624
d 5 625
b 625
d 5 626
b 626
d 5 627
b 627
d 5 628
b 628
d 5 629
b 629
d 5 630
b 630
d 5 631
b 631
d 5 632
b 632
d 5 633
b 633
d 5 634
b 634
d 5 635
b 635
d 5 636
b 636
d 5 637
b 637
d 5 638
b 638
d 5 639
b 639
d 5 640
b 640
d 5 641
b 641
d 5 642
b 642
d 5 643
b 643
d 5 644
b 644
d 5 645
b 645
d 5 646
b 646
d 5 647
b 647
d 5 648
b 648
d 5 649
b 649
d 5 650
b 650
d 5 651
b 651
d 5 652
b 652
d 5 653
b 653
d 5 654
b 654
d 5 655
b 655
d 5 656
b 656
d 5 657
b 657
d 5 658
b 658
d 5 659
b 659
d 5 660
b 660
d 5 661
b 661
d 5 662
b 662
d 5 663
b 663
d 5 664
b 664
d 5 665
b 665
d 5 666
b 666
d 5 667
b 667
d 5 668
b 668
d 5 669
b 669
d 5 670
b 670
d 5 671
b 671
d 5 672
b 672
d 5 673
b 673
d 5 674
b 674
d 5 675
b 675
d 5 676
b 676
d 5 677
b 677
d 5 678
b 678
d 5 679
b 679
d 5 680
b 680
d 5 681
b 681
d 5 682
b 682
d 5 683
b 683
d 5 684
b 684
d 5 685
b 685
d 5 686
b 686
d 5 687
b 687
d 5 688
b 688
d 5 689
b 689
d 5 690
b 690
d 5 691
b 691
d 5 692
b 692
d 5 693
b 693
d 5 694
b 694
d 5 695
b 695
d 5 696
b 696
d 5 697
b 697
d 5 698
b 698
d 5 699
b 699
d 5 700
b 700
d 5 701
b 701
d 5 702
b 702
d 5 703
b 703
d 5 704
b 704
d 5 705
b 705
d 5 706
b 706
d 5 707
b 707
d 5 708
b 708
d 5 709
b 709
d 5 710
b 710
d 5 711
b 711
d 5 712
b 712
d 5 713
b 713
d 5 714
b 714
d 5 715
b 715
d 5 716
b 716
d 5 717
b 717
d 5 718
b 718
d 5 719
b 719
d 5 720
b 720
d 5 721
b 721
d 5 722
b 722
d 5 723
b 723
d 5 724
b 724
d 5 725
b 725
d 5 726
b 726
d 5 727
b 727
d 5 728
b 728
d 5 729
b 729
d 5 730
b 730
d 5 731
b 731
d 5 732
b 732
d 5 733
b 733
d 5 734
b 734
d 5 735
b 735
d 5 736
b 736
d 5 737
b 737
d 5 738
b 738
d 5 739
b 739
d 5 740
b 740
d 5 741
b 741
d 5 742
b 742
d 5 743
b 743
d 5 744
b 744
d 5 745
b 745
d 5 746
b 746
d 5 747
b 747
d 5 748
b 748
d 5 749
b 749
d 5 750
b 750
d 5 751
b 751
d 5 752
b 752
d 5 753
b 753
d 5 754
b 754
d 5 755
b 755
d 5 756
b 756
d 5 757
b 757
d 5 758
b 758
d 5 759
b 759
d 5 760
b 760
d 5 761
b 761
d 5 762
b 762
d 5 763
b 763
d 5 764
b 764
d 5 765
b 765
d 5 766
b 766
d 5 767
b 767
d 5 768
b 768
d 5 769
b 769
d 5 770
b 770
d 5 771
b 771
d 5 772
b 772
d 5 773
b 773
d 5 774
b 774
d 5 775
b 775
d 5 776
b 776
d 5 777
b 777
d 5 778
b 778
d 5 779
b 779
d 5 780
b 780
d 5 781
b 781
d 5 782
b 782
d 5 783
b 783
d 5 784
b 784
d 5 785
b 785
d 5 786
b 786
d 5 787
b 787
d 5 788
b 788
d 5 789
b 789
d 5 790
b 790
d 5 791
b 791
d 5 792
b 792
d 5 793
b 793
d 5 794
b 794
d 5 795
b 795
d 5 796
b 796
d 5 797
b 797
d 5 798
b 798
d 5 799
b 799
d 5 800
b 800
d 5 801
b 801
d 5 802
b 802
d 5 803
b 803
d 5 804
b 804
d 5 805
b 805
d 5 806
b 806
d 5 807
b 807
d 5 808
b 808
d 5 809
b 809
d 5 810
b 810
d 5 811
b 811
d 5 812
b 812
d 5 813
b 813
d 5 814
b 814
d 5 815
b 815
d 5 816
b 816
d 5 817
b 817
d 5 818
b 818
d 5 819
b 819
d 5 820
b 820
d 5 821
b 821
d 5 822
b 822
d 5 823
b 823
d 5 824
b 824
d 5 825
b 825
d 5 826
b 826
d 5 827
b 827
d 5 828
b 828
d 5 829
b 829
d 5 830
b 830
d 5 831
b 831
d 5 832
b 832
d 5 833
b 833
d 5 834
b 834
d 5 835
b 835
d 5 836
b 836
d 5 837
b 837
d 5 838
b 838
d 5 839
b 839
d 5 840
b 840
d 5 841
b 841
d 5 842
b 842
d 5 843
b 843
d 5 844
b 844
d 5 845
b 845
d 5 846
b 846
d 5 847
b 847
d 5 848
b 848
d 5 849
b 849
d 5 850
b 850
d 5 851
b 851
d 5 852
b 852
d 5 853
b 853
d 5 854
b 854
d 5 855
b 855
d 5 856
b 856
d 5 857
b 857
d 5 858
b 858
d 5 859
b 859
d 5 860
b 860
d 5 861
b 861
d 5 862
b 862
d 5 863
b 863
d 5 864
b 864
d 5 865
b 865
d 5 866
b 866
d 5 867
b 867
d 5 868
b 868
d 5 869
b 869
d 5 870
b 870
d 5 871
b 871
d 5 872
b 872
d 5 873
b 873
d 5 874
b 874
d 5 875
b 875
d 5 876
b 876
d 5 877
b 877
d 5 878
b 878
d 5 879
b 879
d 5 880
b 880
d 5 881
b 881
d 5 882
b 882
d 5 883
b 883
d 5 884
b 884
d 5 885
b 885
d 5 886
b 886
d 5 887
b 887
d 5 888
b 888
d 5 889
b 889
d 5 890
b 890
d 5 891
b 891
d 5 892
b 892
d 5 893
b 893
d 5 894
b 894
d 5 895
b 895
d 5 896
b 896
d 5 897
b 897
d 5 898
b 898
d 5 899
b 899
d 5 900
b 900
d 5 901
b 901
d 5 902
b 902
d 5 903
b 903
d 5 904
b 904
d 5 905
b 905
d 5 906
b 906
d 5 907
b 907
d 5 908
b 908
d 5 909
b 909
d 5 910
b 910
d 5 911
b 911
d 5 912
b 912
d 5 913
b 913
d 5 914
b 914
d 5 915
b 915
d 5 916
b 916
d 5 917
b 917
d 5 918
b 918
d 5 919
b 919
d 5 920
b 920
d 5 921
b 921
d 5 922
b 922
d 5 923
b 923
d 5 924
b 924
d 5 925
b 925
d 5 926
b 926
d 5 927
b 927
d 5 928
b 928
d 5 929
b 929
d 5 930
b 930
d 5 931
b 931
d 5 932
b 932
d 5 933
b 933
d 5 934
b 934
d 5 935
b 935
d 5 936
b 936
d 5 937
b 937
d 5 938
b 938
d 5 939
b 939
d 5 940
b 940
d 5 941
b 941
d 5 942
b 942
d 5 943
b 943
d 5 944
b 944
d 5 945
b 945
d 5 946
b 946
d 5 947
b 947
d 5 948
b 948
d 5 949
b 949
d 5 950
b 950
d 5 951
b 951
d 5 952
b 952
d 5 953
b 953
d 5 954
b 954
d 5 955
b 955
d 5 956
b 956
d 5 957
b 957
d 5 958
b 958
d 5 959
b 959
d 5 960
b 960
d 5 961
b 961
d 5 962
b 962
d 5 963
b 963
d 5 964
b 964
d 5 965
b 965
d 5 966
b 966
d 5 967
b 967
d 5 968
b 968
d 5 969
b 969
d 5 970
b 970
d 5 971
b 971
d 5 972
b 972
d 5 973
b 973
d 5 974
b 974
d 5 975
b 975
d 5 976
b 976
d 5 977
b 977
d 5 978
b 978
d 5 979
b 979
d 5 980
b 980
d 5 981
b 981
d 5 982
b 982
d 5 983
b 983
d 5 984
b 984
d 5 985
b 985
d 5 986
b 986
d 5 987
b 987
d 5 988
b 988
d 5 989
b 989
d 5 990
b 990
d 5 991
b 991
d 5 992
b 992
d 5 993
b 993
d 5 994
b 994
d 5 995
b 995
d 5 996
b 996
d 5 997
b 997
d 5 998
b 998
d 5 999
b 999
d 5 1000
b 1000
d 1 1
d 1 2
d 1 3
d 1 4
d 1 5
d 1 6
d 1 7
d 1 8
d 1 9
d 1 10
d 1 11
d 1 12
d 1 13
d 4 1
d 2 1
d 3 1
d 3 2
